DEB [20240607-23:04:01.152] thr=1   paramiko.transport: starting thread (client mode): 0xafd33dd0
DEB [20240607-23:04:01.153] thr=1   paramiko.transport: Local version/idstring: SSH-2.0-paramiko_3.4.0
DEB [20240607-23:04:01.154] thr=1   paramiko.transport: Remote version/idstring: SSH-1.99-Cisco-1.25
INF [20240607-23:04:01.154] thr=1   paramiko.transport: Connected (version 1.99, client Cisco-1.25)
DEB [20240607-23:04:01.155] thr=1   paramiko.transport: === Key exchange possibilities ===
DEB [20240607-23:04:01.156] thr=1   paramiko.transport: kex algos: diffie-hellman-group-exchange-sha1, diffie-hellman-group14-sha1
DEB [20240607-23:04:01.156] thr=1   paramiko.transport: server key: ssh-rsa
DEB [20240607-23:04:01.156] thr=1   paramiko.transport: client encrypt: aes128-ctr, aes192-ctr, aes256-ctr, aes128-cbc, 3des-cbc, aes192-cbc, aes256-cbc
DEB [20240607-23:04:01.156] thr=1   paramiko.transport: server encrypt: aes128-ctr, aes192-ctr, aes256-ctr, aes128-cbc, 3des-cbc, aes192-cbc, aes256-cbc
DEB [20240607-23:04:01.156] thr=1   paramiko.transport: client mac: hmac-sha1, hmac-sha1-96
DEB [20240607-23:04:01.156] thr=1   paramiko.transport: server mac: hmac-sha1, hmac-sha1-96
DEB [20240607-23:04:01.156] thr=1   paramiko.transport: client compress: none
DEB [20240607-23:04:01.156] thr=1   paramiko.transport: server compress: none
DEB [20240607-23:04:01.156] thr=1   paramiko.transport: client lang: <none>
DEB [20240607-23:04:01.156] thr=1   paramiko.transport: server lang: <none>
DEB [20240607-23:04:01.156] thr=1   paramiko.transport: kex follows: False
DEB [20240607-23:04:01.157] thr=1   paramiko.transport: === Key exchange agreements ===
DEB [20240607-23:04:01.157] thr=1   paramiko.transport: Kex: diffie-hellman-group-exchange-sha1
DEB [20240607-23:04:01.157] thr=1   paramiko.transport: HostKey: ssh-rsa
DEB [20240607-23:04:01.157] thr=1   paramiko.transport: Cipher: aes128-ctr
DEB [20240607-23:04:01.157] thr=1   paramiko.transport: MAC: hmac-sha1
DEB [20240607-23:04:01.157] thr=1   paramiko.transport: Compression: none
DEB [20240607-23:04:01.157] thr=1   paramiko.transport: === End of kex handshake ===
DEB [20240607-23:04:01.360] thr=1   paramiko.transport: Got server p (2048 bits)
DEB [20240607-23:04:01.452] thr=1   paramiko.transport: kex engine KexGex specified hash_algo <built-in function openssl_sha1>
DEB [20240607-23:04:01.453] thr=1   paramiko.transport: Switch to new keys ...
DEB [20240607-23:04:01.454] thr=2   paramiko.transport: Adding ssh-rsa host key for 192.168.1.15: b'965118b7855055483ac906c995c73a6a'
DEB [20240607-23:04:01.455] thr=2   paramiko.transport: Trying SSH agent key b'bb2b65bece238b1cd8d4647ecbb3532f'
DEB [20240607-23:04:01.660] thr=1   paramiko.transport: userauth is OK
DEB [20240607-23:04:01.660] thr=1   paramiko.transport: Finalizing pubkey algorithm for key of type 'ssh-rsa'
DEB [20240607-23:04:01.660] thr=1   paramiko.transport: Our pubkey algorithm list: ['rsa-sha2-512', 'rsa-sha2-256', 'ssh-rsa']
DEB [20240607-23:04:01.660] thr=1   paramiko.transport: Server did not send a server-sig-algs list; defaulting to our first preferred algo ('rsa-sha2-512')
DEB [20240607-23:04:01.660] thr=1   paramiko.transport: NOTE: you may use the 'disabled_algorithms' SSHClient/Transport init kwarg to disable that or other algorithms if your server does not support them!
INF [20240607-23:04:03.683] thr=1   paramiko.transport: Authentication (publickey) failed.
DEB [20240607-23:04:04.476] thr=2   paramiko.transport: Trying discovered key b'bb2b65bece238b1cd8d4647ecbb3532f' in /home/benz/.ssh/id_rsa
INF [20240607-23:04:04.478] thr=1   paramiko.transport: Disconnect (code 2): Protocol error: expected packet type 50, got 5
DEB [20240607-23:11:03.639] thr=1   paramiko.transport: starting thread (client mode): 0xd7447bd0
DEB [20240607-23:11:03.641] thr=1   paramiko.transport: Local version/idstring: SSH-2.0-paramiko_3.4.0
DEB [20240607-23:11:03.645] thr=1   paramiko.transport: Remote version/idstring: SSH-1.99-Cisco-1.25
INF [20240607-23:11:03.646] thr=1   paramiko.transport: Connected (version 1.99, client Cisco-1.25)
DEB [20240607-23:11:03.647] thr=1   paramiko.transport: === Key exchange possibilities ===
DEB [20240607-23:11:03.648] thr=1   paramiko.transport: kex algos: diffie-hellman-group-exchange-sha1, diffie-hellman-group14-sha1
DEB [20240607-23:11:03.648] thr=1   paramiko.transport: server key: ssh-rsa
DEB [20240607-23:11:03.648] thr=1   paramiko.transport: client encrypt: aes128-ctr, aes192-ctr, aes256-ctr, aes128-cbc, 3des-cbc, aes192-cbc, aes256-cbc
DEB [20240607-23:11:03.648] thr=1   paramiko.transport: server encrypt: aes128-ctr, aes192-ctr, aes256-ctr, aes128-cbc, 3des-cbc, aes192-cbc, aes256-cbc
DEB [20240607-23:11:03.648] thr=1   paramiko.transport: client mac: hmac-sha1, hmac-sha1-96
DEB [20240607-23:11:03.648] thr=1   paramiko.transport: server mac: hmac-sha1, hmac-sha1-96
DEB [20240607-23:11:03.649] thr=1   paramiko.transport: client compress: none
DEB [20240607-23:11:03.649] thr=1   paramiko.transport: server compress: none
DEB [20240607-23:11:03.649] thr=1   paramiko.transport: client lang: <none>
DEB [20240607-23:11:03.649] thr=1   paramiko.transport: server lang: <none>
DEB [20240607-23:11:03.649] thr=1   paramiko.transport: kex follows: False
DEB [20240607-23:11:03.649] thr=1   paramiko.transport: === Key exchange agreements ===
DEB [20240607-23:11:03.650] thr=1   paramiko.transport: Kex: diffie-hellman-group-exchange-sha1
DEB [20240607-23:11:03.650] thr=1   paramiko.transport: HostKey: ssh-rsa
DEB [20240607-23:11:03.650] thr=1   paramiko.transport: Cipher: aes128-ctr
DEB [20240607-23:11:03.650] thr=1   paramiko.transport: MAC: hmac-sha1
DEB [20240607-23:11:03.650] thr=1   paramiko.transport: Compression: none
DEB [20240607-23:11:03.651] thr=1   paramiko.transport: === End of kex handshake ===
DEB [20240607-23:11:03.857] thr=1   paramiko.transport: Got server p (2048 bits)
DEB [20240607-23:11:04.183] thr=1   paramiko.transport: kex engine KexGex specified hash_algo <built-in function openssl_sha1>
DEB [20240607-23:11:04.183] thr=1   paramiko.transport: Switch to new keys ...
DEB [20240607-23:11:04.184] thr=2   paramiko.transport: Adding ssh-rsa host key for 192.168.1.15: b'965118b7855055483ac906c995c73a6a'
DEB [20240607-23:11:04.187] thr=2   paramiko.transport: Trying SSH agent key b'bb2b65bece238b1cd8d4647ecbb3532f'
DEB [20240607-23:11:04.387] thr=1   paramiko.transport: userauth is OK
DEB [20240607-23:11:04.388] thr=1   paramiko.transport: Finalizing pubkey algorithm for key of type 'ssh-rsa'
DEB [20240607-23:11:04.388] thr=1   paramiko.transport: Our pubkey algorithm list: ['ssh-rsa']
DEB [20240607-23:11:04.388] thr=1   paramiko.transport: Server did not send a server-sig-algs list; defaulting to our first preferred algo ('ssh-rsa')
DEB [20240607-23:11:04.388] thr=1   paramiko.transport: NOTE: you may use the 'disabled_algorithms' SSHClient/Transport init kwarg to disable that or other algorithms if your server does not support them!
INF [20240607-23:11:04.412] thr=1   paramiko.transport: Authentication (publickey) successful!
DEB [20240607-23:11:04.413] thr=2   paramiko.transport: [chan 0] Max packet in: 32768 bytes
DEB [20240607-23:11:04.415] thr=1   paramiko.transport: [chan 0] Max packet out: 4096 bytes
DEB [20240607-23:11:04.415] thr=1   paramiko.transport: Secsh channel 0 opened.
DEB [20240607-23:11:04.418] thr=1   paramiko.transport: [chan 0] Sesch channel 0 request ok
DEB [20240607-23:11:04.421] thr=1   paramiko.transport: [chan 0] Sesch channel 0 request ok
DEB [20240607-23:18:50.382] thr=1   paramiko.transport: starting thread (client mode): 0x838d1710
DEB [20240607-23:18:50.383] thr=1   paramiko.transport: Local version/idstring: SSH-2.0-paramiko_3.4.0
DEB [20240607-23:18:50.387] thr=1   paramiko.transport: Remote version/idstring: SSH-1.99-Cisco-1.25
INF [20240607-23:18:50.387] thr=1   paramiko.transport: Connected (version 1.99, client Cisco-1.25)
DEB [20240607-23:18:50.389] thr=1   paramiko.transport: === Key exchange possibilities ===
DEB [20240607-23:18:50.389] thr=1   paramiko.transport: kex algos: diffie-hellman-group-exchange-sha1, diffie-hellman-group14-sha1
DEB [20240607-23:18:50.389] thr=1   paramiko.transport: server key: ssh-rsa
DEB [20240607-23:18:50.390] thr=1   paramiko.transport: client encrypt: aes128-ctr, aes192-ctr, aes256-ctr, aes128-cbc, 3des-cbc, aes192-cbc, aes256-cbc
DEB [20240607-23:18:50.390] thr=1   paramiko.transport: server encrypt: aes128-ctr, aes192-ctr, aes256-ctr, aes128-cbc, 3des-cbc, aes192-cbc, aes256-cbc
DEB [20240607-23:18:50.390] thr=1   paramiko.transport: client mac: hmac-sha1, hmac-sha1-96
DEB [20240607-23:18:50.390] thr=1   paramiko.transport: server mac: hmac-sha1, hmac-sha1-96
DEB [20240607-23:18:50.390] thr=1   paramiko.transport: client compress: none
DEB [20240607-23:18:50.390] thr=1   paramiko.transport: server compress: none
DEB [20240607-23:18:50.391] thr=1   paramiko.transport: client lang: <none>
DEB [20240607-23:18:50.391] thr=1   paramiko.transport: server lang: <none>
DEB [20240607-23:18:50.391] thr=1   paramiko.transport: kex follows: False
DEB [20240607-23:18:50.391] thr=1   paramiko.transport: === Key exchange agreements ===
DEB [20240607-23:18:50.391] thr=1   paramiko.transport: Kex: diffie-hellman-group-exchange-sha1
DEB [20240607-23:18:50.391] thr=1   paramiko.transport: HostKey: ssh-rsa
DEB [20240607-23:18:50.391] thr=1   paramiko.transport: Cipher: aes128-ctr
DEB [20240607-23:18:50.392] thr=1   paramiko.transport: MAC: hmac-sha1
DEB [20240607-23:18:50.392] thr=1   paramiko.transport: Compression: none
DEB [20240607-23:18:50.392] thr=1   paramiko.transport: === End of kex handshake ===
DEB [20240607-23:18:50.594] thr=1   paramiko.transport: Got server p (2048 bits)
DEB [20240607-23:18:50.827] thr=1   paramiko.transport: kex engine KexGex specified hash_algo <built-in function openssl_sha1>
DEB [20240607-23:18:50.828] thr=1   paramiko.transport: Switch to new keys ...
DEB [20240607-23:18:50.829] thr=2   paramiko.transport: Adding ssh-rsa host key for 192.168.1.15: b'965118b7855055483ac906c995c73a6a'
DEB [20240607-23:18:50.830] thr=2   paramiko.transport: Trying SSH key b'bb2b65bece238b1cd8d4647ecbb3532f'
DEB [20240607-23:18:51.034] thr=1   paramiko.transport: userauth is OK
DEB [20240607-23:18:51.034] thr=1   paramiko.transport: Finalizing pubkey algorithm for key of type 'ssh-rsa'
DEB [20240607-23:18:51.034] thr=1   paramiko.transport: Our pubkey algorithm list: ['ssh-rsa']
DEB [20240607-23:18:51.034] thr=1   paramiko.transport: Server did not send a server-sig-algs list; defaulting to our first preferred algo ('ssh-rsa')
DEB [20240607-23:18:51.035] thr=1   paramiko.transport: NOTE: you may use the 'disabled_algorithms' SSHClient/Transport init kwarg to disable that or other algorithms if your server does not support them!
INF [20240607-23:18:53.060] thr=1   paramiko.transport: Authentication (publickey) failed.
DEB [20240607-23:18:53.062] thr=2   paramiko.transport: Trying SSH agent key b'bb2b65bece238b1cd8d4647ecbb3532f'
INF [20240607-23:18:53.064] thr=1   paramiko.transport: Disconnect (code 2): Protocol error: expected packet type 50, got 5
DEB [20240607-23:18:53.870] thr=2   paramiko.transport: Trying discovered key b'bb2b65bece238b1cd8d4647ecbb3532f' in /home/benz/.ssh/id_rsa
DEB [20240607-23:21:25.355] thr=1   paramiko.transport: starting thread (client mode): 0x5b109010
DEB [20240607-23:21:25.356] thr=1   paramiko.transport: Local version/idstring: SSH-2.0-paramiko_3.4.0
DEB [20240607-23:21:25.356] thr=1   paramiko.transport: Remote version/idstring: SSH-1.99-Cisco-1.25
INF [20240607-23:21:25.357] thr=1   paramiko.transport: Connected (version 1.99, client Cisco-1.25)
DEB [20240607-23:21:25.358] thr=1   paramiko.transport: === Key exchange possibilities ===
DEB [20240607-23:21:25.358] thr=1   paramiko.transport: kex algos: diffie-hellman-group-exchange-sha1, diffie-hellman-group14-sha1
DEB [20240607-23:21:25.359] thr=1   paramiko.transport: server key: ssh-rsa
DEB [20240607-23:21:25.359] thr=1   paramiko.transport: client encrypt: aes128-ctr, aes192-ctr, aes256-ctr, aes128-cbc, 3des-cbc, aes192-cbc, aes256-cbc
DEB [20240607-23:21:25.359] thr=1   paramiko.transport: server encrypt: aes128-ctr, aes192-ctr, aes256-ctr, aes128-cbc, 3des-cbc, aes192-cbc, aes256-cbc
DEB [20240607-23:21:25.359] thr=1   paramiko.transport: client mac: hmac-sha1, hmac-sha1-96
DEB [20240607-23:21:25.359] thr=1   paramiko.transport: server mac: hmac-sha1, hmac-sha1-96
DEB [20240607-23:21:25.359] thr=1   paramiko.transport: client compress: none
DEB [20240607-23:21:25.360] thr=1   paramiko.transport: server compress: none
DEB [20240607-23:21:25.360] thr=1   paramiko.transport: client lang: <none>
DEB [20240607-23:21:25.360] thr=1   paramiko.transport: server lang: <none>
DEB [20240607-23:21:25.360] thr=1   paramiko.transport: kex follows: False
DEB [20240607-23:21:25.360] thr=1   paramiko.transport: === Key exchange agreements ===
DEB [20240607-23:21:25.360] thr=1   paramiko.transport: Kex: diffie-hellman-group-exchange-sha1
DEB [20240607-23:21:25.361] thr=1   paramiko.transport: HostKey: ssh-rsa
DEB [20240607-23:21:25.361] thr=1   paramiko.transport: Cipher: aes128-ctr
DEB [20240607-23:21:25.361] thr=1   paramiko.transport: MAC: hmac-sha1
DEB [20240607-23:21:25.361] thr=1   paramiko.transport: Compression: none
DEB [20240607-23:21:25.361] thr=1   paramiko.transport: === End of kex handshake ===
DEB [20240607-23:21:25.562] thr=1   paramiko.transport: Got server p (2048 bits)
DEB [20240607-23:21:25.728] thr=1   paramiko.transport: kex engine KexGex specified hash_algo <built-in function openssl_sha1>
DEB [20240607-23:21:25.729] thr=1   paramiko.transport: Switch to new keys ...
DEB [20240607-23:21:25.730] thr=2   paramiko.transport: Adding ssh-rsa host key for 192.168.1.15: b'965118b7855055483ac906c995c73a6a'
DEB [20240607-23:21:25.730] thr=2   paramiko.transport: Trying SSH key b'bb2b65bece238b1cd8d4647ecbb3532f'
DEB [20240607-23:21:25.933] thr=1   paramiko.transport: userauth is OK
DEB [20240607-23:21:25.934] thr=1   paramiko.transport: Finalizing pubkey algorithm for key of type 'ssh-rsa'
DEB [20240607-23:21:25.934] thr=1   paramiko.transport: Our pubkey algorithm list: ['ssh-rsa']
DEB [20240607-23:21:25.934] thr=1   paramiko.transport: Server did not send a server-sig-algs list; defaulting to our first preferred algo ('ssh-rsa')
DEB [20240607-23:21:25.934] thr=1   paramiko.transport: NOTE: you may use the 'disabled_algorithms' SSHClient/Transport init kwarg to disable that or other algorithms if your server does not support them!
INF [20240607-23:21:25.960] thr=1   paramiko.transport: Authentication (publickey) successful!
DEB [20240607-23:21:25.961] thr=2   paramiko.transport: [chan 0] Max packet in: 32768 bytes
DEB [20240607-23:21:25.965] thr=1   paramiko.transport: [chan 0] Max packet out: 4096 bytes
DEB [20240607-23:21:25.965] thr=1   paramiko.transport: Secsh channel 0 opened.
DEB [20240607-23:21:25.969] thr=1   paramiko.transport: [chan 0] Sesch channel 0 request ok
DEB [20240607-23:21:25.973] thr=1   paramiko.transport: [chan 0] Sesch channel 0 request ok
DEB [20240612-03:38:15.247] thr=1   paramiko.transport: starting thread (client mode): 0x2e278110
DEB [20240612-03:38:15.257] thr=1   paramiko.transport: Local version/idstring: SSH-2.0-paramiko_2.12.0
DEB [20240612-03:38:15.257] thr=1   paramiko.transport: Remote version/idstring: SSH-1.99-Cisco-1.25
INF [20240612-03:38:15.257] thr=1   paramiko.transport: Connected (version 1.99, client Cisco-1.25)
DEB [20240612-03:38:15.260] thr=1   paramiko.transport: === Key exchange possibilities ===
DEB [20240612-03:38:15.260] thr=1   paramiko.transport: kex algos: diffie-hellman-group-exchange-sha1, diffie-hellman-group14-sha1
DEB [20240612-03:38:15.260] thr=1   paramiko.transport: server key: ssh-rsa
DEB [20240612-03:38:15.260] thr=1   paramiko.transport: client encrypt: aes128-ctr, aes192-ctr, aes256-ctr, aes128-cbc, 3des-cbc, aes192-cbc, aes256-cbc
DEB [20240612-03:38:15.260] thr=1   paramiko.transport: server encrypt: aes128-ctr, aes192-ctr, aes256-ctr, aes128-cbc, 3des-cbc, aes192-cbc, aes256-cbc
DEB [20240612-03:38:15.260] thr=1   paramiko.transport: client mac: hmac-sha1, hmac-sha1-96
DEB [20240612-03:38:15.260] thr=1   paramiko.transport: server mac: hmac-sha1, hmac-sha1-96
DEB [20240612-03:38:15.260] thr=1   paramiko.transport: client compress: none
DEB [20240612-03:38:15.261] thr=1   paramiko.transport: server compress: none
DEB [20240612-03:38:15.261] thr=1   paramiko.transport: client lang: <none>
DEB [20240612-03:38:15.261] thr=1   paramiko.transport: server lang: <none>
DEB [20240612-03:38:15.261] thr=1   paramiko.transport: kex follows: False
DEB [20240612-03:38:15.261] thr=1   paramiko.transport: === Key exchange agreements ===
DEB [20240612-03:38:15.261] thr=1   paramiko.transport: Kex: diffie-hellman-group-exchange-sha1
DEB [20240612-03:38:15.261] thr=1   paramiko.transport: HostKey: ssh-rsa
DEB [20240612-03:38:15.261] thr=1   paramiko.transport: Cipher: aes128-ctr
DEB [20240612-03:38:15.261] thr=1   paramiko.transport: MAC: hmac-sha1
DEB [20240612-03:38:15.262] thr=1   paramiko.transport: Compression: none
DEB [20240612-03:38:15.262] thr=1   paramiko.transport: === End of kex handshake ===
DEB [20240612-03:38:15.464] thr=1   paramiko.transport: Got server p (2048 bits)
DEB [20240612-03:38:15.635] thr=1   paramiko.transport: kex engine KexGex specified hash_algo <built-in function openssl_sha1>
DEB [20240612-03:38:15.635] thr=1   paramiko.transport: Switch to new keys ...
DEB [20240612-03:38:15.636] thr=2   paramiko.transport: Adding ssh-rsa host key for Copp_R1.ant.amazon.com: b'b113cc265c55e90f71eeba46b37699ee'
DEB [20240612-03:38:15.636] thr=2   paramiko.transport: Trying SSH key b'bb2b65bece238b1cd8d4647ecbb3532f'
DEB [20240612-03:38:15.840] thr=1   paramiko.transport: userauth is OK
DEB [20240612-03:38:15.840] thr=1   paramiko.transport: Finalizing pubkey algorithm for key of type 'ssh-rsa'
DEB [20240612-03:38:15.840] thr=1   paramiko.transport: Our pubkey algorithm list: ['ssh-rsa']
DEB [20240612-03:38:15.841] thr=1   paramiko.transport: Server did not send a server-sig-algs list; defaulting to our first preferred algo ('ssh-rsa')
DEB [20240612-03:38:15.841] thr=1   paramiko.transport: NOTE: you may use the 'disabled_algorithms' SSHClient/Transport init kwarg to disable that or other algorithms if your server does not support them!
INF [20240612-03:38:15.871] thr=1   paramiko.transport: Authentication (publickey) successful!
DEB [20240612-03:38:15.872] thr=2   paramiko.transport: [chan 0] Max packet in: 32768 bytes
DEB [20240612-03:38:15.875] thr=1   paramiko.transport: [chan 0] Max packet out: 4096 bytes
DEB [20240612-03:38:15.875] thr=1   paramiko.transport: Secsh channel 0 opened.
DEB [20240612-03:38:15.879] thr=1   paramiko.transport: [chan 0] Sesch channel 0 request ok
DEB [20240612-03:38:15.882] thr=1   paramiko.transport: [chan 0] Sesch channel 0 request ok
DEB [20240612-03:44:10.806] thr=1   paramiko.transport: starting thread (client mode): 0xcd86fe10
DEB [20240612-03:44:10.806] thr=1   paramiko.transport: Local version/idstring: SSH-2.0-paramiko_2.12.0
DEB [20240612-03:44:10.808] thr=1   paramiko.transport: Remote version/idstring: SSH-1.99-Cisco-1.25
INF [20240612-03:44:10.808] thr=1   paramiko.transport: Connected (version 1.99, client Cisco-1.25)
DEB [20240612-03:44:10.811] thr=1   paramiko.transport: === Key exchange possibilities ===
DEB [20240612-03:44:10.811] thr=1   paramiko.transport: kex algos: diffie-hellman-group-exchange-sha1, diffie-hellman-group14-sha1
DEB [20240612-03:44:10.811] thr=1   paramiko.transport: server key: ssh-rsa
DEB [20240612-03:44:10.811] thr=1   paramiko.transport: client encrypt: aes128-ctr, aes192-ctr, aes256-ctr, aes128-cbc, 3des-cbc, aes192-cbc, aes256-cbc
DEB [20240612-03:44:10.811] thr=1   paramiko.transport: server encrypt: aes128-ctr, aes192-ctr, aes256-ctr, aes128-cbc, 3des-cbc, aes192-cbc, aes256-cbc
DEB [20240612-03:44:10.811] thr=1   paramiko.transport: client mac: hmac-sha1, hmac-sha1-96
DEB [20240612-03:44:10.811] thr=1   paramiko.transport: server mac: hmac-sha1, hmac-sha1-96
DEB [20240612-03:44:10.812] thr=1   paramiko.transport: client compress: none
DEB [20240612-03:44:10.812] thr=1   paramiko.transport: server compress: none
DEB [20240612-03:44:10.812] thr=1   paramiko.transport: client lang: <none>
DEB [20240612-03:44:10.812] thr=1   paramiko.transport: server lang: <none>
DEB [20240612-03:44:10.812] thr=1   paramiko.transport: kex follows: False
DEB [20240612-03:44:10.813] thr=1   paramiko.transport: === Key exchange agreements ===
DEB [20240612-03:44:10.813] thr=1   paramiko.transport: Kex: diffie-hellman-group-exchange-sha1
DEB [20240612-03:44:10.813] thr=1   paramiko.transport: HostKey: ssh-rsa
DEB [20240612-03:44:10.813] thr=1   paramiko.transport: Cipher: aes128-ctr
DEB [20240612-03:44:10.813] thr=1   paramiko.transport: MAC: hmac-sha1
DEB [20240612-03:44:10.814] thr=1   paramiko.transport: Compression: none
DEB [20240612-03:44:10.814] thr=1   paramiko.transport: === End of kex handshake ===
DEB [20240612-03:44:11.015] thr=1   paramiko.transport: Got server p (2048 bits)
DEB [20240612-03:44:11.241] thr=1   paramiko.transport: kex engine KexGex specified hash_algo <built-in function openssl_sha1>
DEB [20240612-03:44:11.242] thr=1   paramiko.transport: Switch to new keys ...
DEB [20240612-03:44:11.243] thr=2   paramiko.transport: Adding ssh-rsa host key for Copp_R1.ant.amazon.com: b'b113cc265c55e90f71eeba46b37699ee'
DEB [20240612-03:44:11.244] thr=2   paramiko.transport: Trying SSH key b'bb2b65bece238b1cd8d4647ecbb3532f'
DEB [20240612-03:44:11.444] thr=1   paramiko.transport: userauth is OK
DEB [20240612-03:44:11.445] thr=1   paramiko.transport: Finalizing pubkey algorithm for key of type 'ssh-rsa'
DEB [20240612-03:44:11.445] thr=1   paramiko.transport: Our pubkey algorithm list: ['ssh-rsa']
DEB [20240612-03:44:11.446] thr=1   paramiko.transport: Server did not send a server-sig-algs list; defaulting to our first preferred algo ('ssh-rsa')
DEB [20240612-03:44:11.446] thr=1   paramiko.transport: NOTE: you may use the 'disabled_algorithms' SSHClient/Transport init kwarg to disable that or other algorithms if your server does not support them!
INF [20240612-03:44:13.495] thr=1   paramiko.transport: Authentication (publickey) failed.
DEB [20240612-03:44:14.243] thr=2   paramiko.transport: Trying discovered key b'bb2b65bece238b1cd8d4647ecbb3532f' in /home/benz/.ssh/id_rsa
INF [20240612-03:44:14.246] thr=1   paramiko.transport: Disconnect (code 2): Protocol error: expected packet type 50, got 5
DEB [20240612-03:44:31.081] thr=1   paramiko.transport: starting thread (client mode): 0x42a17e10
DEB [20240612-03:44:31.081] thr=1   paramiko.transport: Local version/idstring: SSH-2.0-paramiko_2.12.0
DEB [20240612-03:44:31.082] thr=1   paramiko.transport: Remote version/idstring: SSH-1.99-Cisco-1.25
INF [20240612-03:44:31.082] thr=1   paramiko.transport: Connected (version 1.99, client Cisco-1.25)
DEB [20240612-03:44:31.084] thr=1   paramiko.transport: === Key exchange possibilities ===
DEB [20240612-03:44:31.085] thr=1   paramiko.transport: kex algos: diffie-hellman-group-exchange-sha1, diffie-hellman-group14-sha1
DEB [20240612-03:44:31.085] thr=1   paramiko.transport: server key: ssh-rsa
DEB [20240612-03:44:31.086] thr=1   paramiko.transport: client encrypt: aes128-ctr, aes192-ctr, aes256-ctr, aes128-cbc, 3des-cbc, aes192-cbc, aes256-cbc
DEB [20240612-03:44:31.086] thr=1   paramiko.transport: server encrypt: aes128-ctr, aes192-ctr, aes256-ctr, aes128-cbc, 3des-cbc, aes192-cbc, aes256-cbc
DEB [20240612-03:44:31.086] thr=1   paramiko.transport: client mac: hmac-sha1, hmac-sha1-96
DEB [20240612-03:44:31.087] thr=1   paramiko.transport: server mac: hmac-sha1, hmac-sha1-96
DEB [20240612-03:44:31.087] thr=1   paramiko.transport: client compress: none
DEB [20240612-03:44:31.088] thr=1   paramiko.transport: server compress: none
DEB [20240612-03:44:31.088] thr=1   paramiko.transport: client lang: <none>
DEB [20240612-03:44:31.088] thr=1   paramiko.transport: server lang: <none>
DEB [20240612-03:44:31.089] thr=1   paramiko.transport: kex follows: False
DEB [20240612-03:44:31.089] thr=1   paramiko.transport: === Key exchange agreements ===
DEB [20240612-03:44:31.090] thr=1   paramiko.transport: Kex: diffie-hellman-group-exchange-sha1
DEB [20240612-03:44:31.090] thr=1   paramiko.transport: HostKey: ssh-rsa
DEB [20240612-03:44:31.090] thr=1   paramiko.transport: Cipher: aes128-ctr
DEB [20240612-03:44:31.091] thr=1   paramiko.transport: MAC: hmac-sha1
DEB [20240612-03:44:31.091] thr=1   paramiko.transport: Compression: none
DEB [20240612-03:44:31.092] thr=1   paramiko.transport: === End of kex handshake ===
DEB [20240612-03:44:31.289] thr=1   paramiko.transport: Got server p (2048 bits)
DEB [20240612-03:44:31.576] thr=1   paramiko.transport: kex engine KexGex specified hash_algo <built-in function openssl_sha1>
DEB [20240612-03:44:31.577] thr=1   paramiko.transport: Switch to new keys ...
DEB [20240612-03:44:31.578] thr=2   paramiko.transport: Adding ssh-rsa host key for Copp_R1.ant.amazon.com: b'b113cc265c55e90f71eeba46b37699ee'
DEB [20240612-03:44:31.579] thr=2   paramiko.transport: Trying SSH key b'bb2b65bece238b1cd8d4647ecbb3532f'
DEB [20240612-03:44:31.779] thr=1   paramiko.transport: userauth is OK
DEB [20240612-03:44:31.779] thr=1   paramiko.transport: Finalizing pubkey algorithm for key of type 'ssh-rsa'
DEB [20240612-03:44:31.780] thr=1   paramiko.transport: Our pubkey algorithm list: ['ssh-rsa']
DEB [20240612-03:44:31.780] thr=1   paramiko.transport: Server did not send a server-sig-algs list; defaulting to our first preferred algo ('ssh-rsa')
DEB [20240612-03:44:31.781] thr=1   paramiko.transport: NOTE: you may use the 'disabled_algorithms' SSHClient/Transport init kwarg to disable that or other algorithms if your server does not support them!
INF [20240612-03:44:31.813] thr=1   paramiko.transport: Authentication (publickey) successful!
DEB [20240612-03:44:31.813] thr=2   paramiko.transport: [chan 0] Max packet in: 32768 bytes
DEB [20240612-03:44:31.816] thr=1   paramiko.transport: [chan 0] Max packet out: 4096 bytes
DEB [20240612-03:44:31.816] thr=1   paramiko.transport: Secsh channel 0 opened.
DEB [20240612-03:44:31.819] thr=1   paramiko.transport: [chan 0] Sesch channel 0 request ok
DEB [20240612-03:44:31.823] thr=1   paramiko.transport: [chan 0] Sesch channel 0 request ok
DEB [20240612-03:53:36.614] thr=1   paramiko.transport: starting thread (client mode): 0xfb76be50
DEB [20240612-03:53:36.614] thr=1   paramiko.transport: Local version/idstring: SSH-2.0-paramiko_2.12.0
DEB [20240612-03:53:36.618] thr=1   paramiko.transport: Remote version/idstring: SSH-2.0-Cisco-1.25
INF [20240612-03:53:36.619] thr=1   paramiko.transport: Connected (version 2.0, client Cisco-1.25)
DEB [20240612-03:53:36.621] thr=1   paramiko.transport: === Key exchange possibilities ===
DEB [20240612-03:53:36.621] thr=1   paramiko.transport: kex algos: diffie-hellman-group-exchange-sha1, diffie-hellman-group14-sha1
DEB [20240612-03:53:36.622] thr=1   paramiko.transport: server key: ssh-rsa
DEB [20240612-03:53:36.622] thr=1   paramiko.transport: client encrypt: aes128-ctr, aes192-ctr, aes256-ctr, aes128-cbc, 3des-cbc, aes192-cbc, aes256-cbc
DEB [20240612-03:53:36.623] thr=1   paramiko.transport: server encrypt: aes128-ctr, aes192-ctr, aes256-ctr, aes128-cbc, 3des-cbc, aes192-cbc, aes256-cbc
DEB [20240612-03:53:36.623] thr=1   paramiko.transport: client mac: hmac-sha1, hmac-sha1-96
DEB [20240612-03:53:36.623] thr=1   paramiko.transport: server mac: hmac-sha1, hmac-sha1-96
DEB [20240612-03:53:36.624] thr=1   paramiko.transport: client compress: none
DEB [20240612-03:53:36.624] thr=1   paramiko.transport: server compress: none
DEB [20240612-03:53:36.624] thr=1   paramiko.transport: client lang: <none>
DEB [20240612-03:53:36.625] thr=1   paramiko.transport: server lang: <none>
DEB [20240612-03:53:36.625] thr=1   paramiko.transport: kex follows: False
DEB [20240612-03:53:36.625] thr=1   paramiko.transport: === Key exchange agreements ===
DEB [20240612-03:53:36.626] thr=1   paramiko.transport: Kex: diffie-hellman-group-exchange-sha1
DEB [20240612-03:53:36.626] thr=1   paramiko.transport: HostKey: ssh-rsa
DEB [20240612-03:53:36.627] thr=1   paramiko.transport: Cipher: aes128-ctr
DEB [20240612-03:53:36.627] thr=1   paramiko.transport: MAC: hmac-sha1
DEB [20240612-03:53:36.627] thr=1   paramiko.transport: Compression: none
DEB [20240612-03:53:36.628] thr=1   paramiko.transport: === End of kex handshake ===
DEB [20240612-03:53:36.826] thr=1   paramiko.transport: Got server p (2048 bits)
DEB [20240612-03:53:36.915] thr=1   paramiko.transport: kex engine KexGex specified hash_algo <built-in function openssl_sha1>
DEB [20240612-03:53:36.916] thr=1   paramiko.transport: Switch to new keys ...
DEB [20240612-03:53:36.916] thr=2   paramiko.transport: Adding ssh-rsa host key for Copp_R1.ant.amazon.com: b'b113cc265c55e90f71eeba46b37699ee'
DEB [20240612-03:53:36.917] thr=2   paramiko.transport: Trying SSH key b'bb2b65bece238b1cd8d4647ecbb3532f'
DEB [20240612-03:53:37.118] thr=1   paramiko.transport: userauth is OK
DEB [20240612-03:53:37.118] thr=1   paramiko.transport: Finalizing pubkey algorithm for key of type 'ssh-rsa'
DEB [20240612-03:53:37.118] thr=1   paramiko.transport: Our pubkey algorithm list: ['ssh-rsa']
DEB [20240612-03:53:37.118] thr=1   paramiko.transport: Server did not send a server-sig-algs list; defaulting to our first preferred algo ('ssh-rsa')
DEB [20240612-03:53:37.118] thr=1   paramiko.transport: NOTE: you may use the 'disabled_algorithms' SSHClient/Transport init kwarg to disable that or other algorithms if your server does not support them!
INF [20240612-03:53:37.150] thr=1   paramiko.transport: Authentication (publickey) successful!
DEB [20240612-03:53:37.151] thr=2   paramiko.transport: [chan 0] Max packet in: 32768 bytes
DEB [20240612-03:53:37.152] thr=1   paramiko.transport: [chan 0] Max packet out: 4096 bytes
DEB [20240612-03:53:37.152] thr=1   paramiko.transport: Secsh channel 0 opened.
DEB [20240612-03:53:37.154] thr=1   paramiko.transport: [chan 0] Sesch channel 0 request ok
DEB [20240612-03:53:37.156] thr=1   paramiko.transport: [chan 0] Sesch channel 0 request ok
DEB [20240615-03:21:27.608] thr=1   paramiko.transport: starting thread (client mode): 0x5d40ebd0
DEB [20240615-03:21:27.612] thr=1   paramiko.transport: Local version/idstring: SSH-2.0-paramiko_2.12.0
DEB [20240615-03:21:27.613] thr=1   paramiko.transport: Remote version/idstring: SSH-1.99-Cisco-1.25
INF [20240615-03:21:27.614] thr=1   paramiko.transport: Connected (version 1.99, client Cisco-1.25)
DEB [20240615-03:21:27.617] thr=1   paramiko.transport: === Key exchange possibilities ===
DEB [20240615-03:21:27.617] thr=1   paramiko.transport: kex algos: diffie-hellman-group-exchange-sha1, diffie-hellman-group14-sha1
DEB [20240615-03:21:27.618] thr=1   paramiko.transport: server key: ssh-rsa
DEB [20240615-03:21:27.619] thr=1   paramiko.transport: client encrypt: aes128-ctr, aes192-ctr, aes256-ctr, aes128-cbc, 3des-cbc, aes192-cbc, aes256-cbc
DEB [20240615-03:21:27.620] thr=1   paramiko.transport: server encrypt: aes128-ctr, aes192-ctr, aes256-ctr, aes128-cbc, 3des-cbc, aes192-cbc, aes256-cbc
DEB [20240615-03:21:27.621] thr=1   paramiko.transport: client mac: hmac-sha1, hmac-sha1-96
DEB [20240615-03:21:27.621] thr=1   paramiko.transport: server mac: hmac-sha1, hmac-sha1-96
DEB [20240615-03:21:27.622] thr=1   paramiko.transport: client compress: none
DEB [20240615-03:21:27.623] thr=1   paramiko.transport: server compress: none
DEB [20240615-03:21:27.624] thr=1   paramiko.transport: client lang: <none>
DEB [20240615-03:21:27.624] thr=1   paramiko.transport: server lang: <none>
DEB [20240615-03:21:27.625] thr=1   paramiko.transport: kex follows: False
DEB [20240615-03:21:27.626] thr=1   paramiko.transport: === Key exchange agreements ===
DEB [20240615-03:21:27.627] thr=1   paramiko.transport: Kex: diffie-hellman-group-exchange-sha1
DEB [20240615-03:21:27.627] thr=1   paramiko.transport: HostKey: ssh-rsa
DEB [20240615-03:21:27.628] thr=1   paramiko.transport: Cipher: aes128-ctr
DEB [20240615-03:21:27.629] thr=1   paramiko.transport: MAC: hmac-sha1
DEB [20240615-03:21:27.629] thr=1   paramiko.transport: Compression: none
DEB [20240615-03:21:27.630] thr=1   paramiko.transport: === End of kex handshake ===
DEB [20240615-03:21:27.819] thr=1   paramiko.transport: Got server p (2048 bits)
DEB [20240615-03:21:27.983] thr=1   paramiko.transport: kex engine KexGex specified hash_algo <built-in function openssl_sha1>
DEB [20240615-03:21:27.985] thr=1   paramiko.transport: Switch to new keys ...
DEB [20240615-03:21:27.986] thr=2   paramiko.transport: Adding ssh-rsa host key for 192.168.1.19: b'0d3afd0db73cb5bf290ed0799dcd7fb7'
DEB [20240615-03:21:27.987] thr=2   paramiko.transport: Trying SSH key b'bb2b65bece238b1cd8d4647ecbb3532f'
DEB [20240615-03:21:28.186] thr=1   paramiko.transport: userauth is OK
DEB [20240615-03:21:28.187] thr=1   paramiko.transport: Finalizing pubkey algorithm for key of type 'ssh-rsa'
DEB [20240615-03:21:28.189] thr=1   paramiko.transport: Our pubkey algorithm list: ['ssh-rsa']
DEB [20240615-03:21:28.190] thr=1   paramiko.transport: Server did not send a server-sig-algs list; defaulting to our first preferred algo ('ssh-rsa')
DEB [20240615-03:21:28.191] thr=1   paramiko.transport: NOTE: you may use the 'disabled_algorithms' SSHClient/Transport init kwarg to disable that or other algorithms if your server does not support them!
INF [20240615-03:21:28.221] thr=1   paramiko.transport: Authentication (publickey) successful!
DEB [20240615-03:21:28.222] thr=2   paramiko.transport: [chan 0] Max packet in: 32768 bytes
DEB [20240615-03:21:28.224] thr=1   paramiko.transport: [chan 0] Max packet out: 4096 bytes
DEB [20240615-03:21:28.225] thr=1   paramiko.transport: Secsh channel 0 opened.
DEB [20240615-03:21:28.228] thr=1   paramiko.transport: [chan 0] Sesch channel 0 request ok
DEB [20240615-03:21:28.231] thr=1   paramiko.transport: [chan 0] Sesch channel 0 request ok
DEB [20240615-03:35:21.621] thr=1   paramiko.transport: starting thread (client mode): 0x95462990
DEB [20240615-03:35:21.622] thr=1   paramiko.transport: Local version/idstring: SSH-2.0-paramiko_2.12.0
DEB [20240615-03:35:21.624] thr=1   paramiko.transport: Remote version/idstring: SSH-1.99-Cisco-1.25
INF [20240615-03:35:21.625] thr=1   paramiko.transport: Connected (version 1.99, client Cisco-1.25)
DEB [20240615-03:35:21.627] thr=1   paramiko.transport: === Key exchange possibilities ===
DEB [20240615-03:35:21.629] thr=1   paramiko.transport: kex algos: diffie-hellman-group-exchange-sha1, diffie-hellman-group14-sha1
DEB [20240615-03:35:21.630] thr=1   paramiko.transport: server key: ssh-rsa
DEB [20240615-03:35:21.631] thr=1   paramiko.transport: client encrypt: aes128-ctr, aes192-ctr, aes256-ctr, aes128-cbc, 3des-cbc, aes192-cbc, aes256-cbc
DEB [20240615-03:35:21.632] thr=1   paramiko.transport: server encrypt: aes128-ctr, aes192-ctr, aes256-ctr, aes128-cbc, 3des-cbc, aes192-cbc, aes256-cbc
DEB [20240615-03:35:21.634] thr=1   paramiko.transport: client mac: hmac-sha1, hmac-sha1-96
DEB [20240615-03:35:21.635] thr=1   paramiko.transport: server mac: hmac-sha1, hmac-sha1-96
DEB [20240615-03:35:21.636] thr=1   paramiko.transport: client compress: none
DEB [20240615-03:35:21.638] thr=1   paramiko.transport: server compress: none
DEB [20240615-03:35:21.639] thr=1   paramiko.transport: client lang: <none>
DEB [20240615-03:35:21.640] thr=1   paramiko.transport: server lang: <none>
DEB [20240615-03:35:21.641] thr=1   paramiko.transport: kex follows: False
DEB [20240615-03:35:21.643] thr=1   paramiko.transport: === Key exchange agreements ===
DEB [20240615-03:35:21.644] thr=1   paramiko.transport: Kex: diffie-hellman-group-exchange-sha1
DEB [20240615-03:35:21.645] thr=1   paramiko.transport: HostKey: ssh-rsa
DEB [20240615-03:35:21.646] thr=1   paramiko.transport: Cipher: aes128-ctr
DEB [20240615-03:35:21.648] thr=1   paramiko.transport: MAC: hmac-sha1
DEB [20240615-03:35:21.649] thr=1   paramiko.transport: Compression: none
DEB [20240615-03:35:21.650] thr=1   paramiko.transport: === End of kex handshake ===
DEB [20240615-03:35:21.830] thr=1   paramiko.transport: Got server p (2048 bits)
DEB [20240615-03:35:21.996] thr=1   paramiko.transport: kex engine KexGex specified hash_algo <built-in function openssl_sha1>
DEB [20240615-03:35:21.998] thr=1   paramiko.transport: Switch to new keys ...
DEB [20240615-03:35:22.000] thr=2   paramiko.transport: Adding ssh-rsa host key for 192.168.1.19: b'0d3afd0db73cb5bf290ed0799dcd7fb7'
DEB [20240615-03:35:22.001] thr=2   paramiko.transport: Trying SSH key b'bb2b65bece238b1cd8d4647ecbb3532f'
DEB [20240615-03:35:22.198] thr=1   paramiko.transport: userauth is OK
DEB [20240615-03:35:22.199] thr=1   paramiko.transport: Finalizing pubkey algorithm for key of type 'ssh-rsa'
DEB [20240615-03:35:22.200] thr=1   paramiko.transport: Our pubkey algorithm list: ['ssh-rsa']
DEB [20240615-03:35:22.200] thr=1   paramiko.transport: Server did not send a server-sig-algs list; defaulting to our first preferred algo ('ssh-rsa')
DEB [20240615-03:35:22.201] thr=1   paramiko.transport: NOTE: you may use the 'disabled_algorithms' SSHClient/Transport init kwarg to disable that or other algorithms if your server does not support them!
INF [20240615-03:35:22.227] thr=1   paramiko.transport: Authentication (publickey) successful!
DEB [20240615-03:35:22.228] thr=2   paramiko.transport: [chan 0] Max packet in: 32768 bytes
DEB [20240615-03:35:22.230] thr=1   paramiko.transport: [chan 0] Max packet out: 4096 bytes
DEB [20240615-03:35:22.231] thr=1   paramiko.transport: Secsh channel 0 opened.
DEB [20240615-03:35:22.233] thr=1   paramiko.transport: [chan 0] Sesch channel 0 request ok
DEB [20240615-03:35:22.235] thr=1   paramiko.transport: [chan 0] Sesch channel 0 request ok
DEB [20240615-19:22:57.093] thr=1   paramiko.transport: starting thread (client mode): 0xc880f310
DEB [20240615-19:22:57.095] thr=1   paramiko.transport: Local version/idstring: SSH-2.0-paramiko_2.12.0
DEB [20240615-19:22:57.095] thr=1   paramiko.transport: Remote version/idstring: SSH-2.0-Cisco-1.25
INF [20240615-19:22:57.096] thr=1   paramiko.transport: Connected (version 2.0, client Cisco-1.25)
DEB [20240615-19:22:57.098] thr=1   paramiko.transport: === Key exchange possibilities ===
DEB [20240615-19:22:57.098] thr=1   paramiko.transport: kex algos: diffie-hellman-group-exchange-sha1, diffie-hellman-group14-sha1
DEB [20240615-19:22:57.099] thr=1   paramiko.transport: server key: ssh-rsa
DEB [20240615-19:22:57.099] thr=1   paramiko.transport: client encrypt: aes128-ctr, aes192-ctr, aes256-ctr, aes128-cbc, 3des-cbc, aes192-cbc, aes256-cbc
DEB [20240615-19:22:57.100] thr=1   paramiko.transport: server encrypt: aes128-ctr, aes192-ctr, aes256-ctr, aes128-cbc, 3des-cbc, aes192-cbc, aes256-cbc
DEB [20240615-19:22:57.100] thr=1   paramiko.transport: client mac: hmac-sha1, hmac-sha1-96
DEB [20240615-19:22:57.101] thr=1   paramiko.transport: server mac: hmac-sha1, hmac-sha1-96
DEB [20240615-19:22:57.102] thr=1   paramiko.transport: client compress: none
DEB [20240615-19:22:57.103] thr=1   paramiko.transport: server compress: none
DEB [20240615-19:22:57.103] thr=1   paramiko.transport: client lang: <none>
DEB [20240615-19:22:57.104] thr=1   paramiko.transport: server lang: <none>
DEB [20240615-19:22:57.104] thr=1   paramiko.transport: kex follows: False
DEB [20240615-19:22:57.105] thr=1   paramiko.transport: === Key exchange agreements ===
DEB [20240615-19:22:57.105] thr=1   paramiko.transport: Kex: diffie-hellman-group-exchange-sha1
DEB [20240615-19:22:57.106] thr=1   paramiko.transport: HostKey: ssh-rsa
DEB [20240615-19:22:57.106] thr=1   paramiko.transport: Cipher: aes128-ctr
DEB [20240615-19:22:57.107] thr=1   paramiko.transport: MAC: hmac-sha1
DEB [20240615-19:22:57.107] thr=1   paramiko.transport: Compression: none
DEB [20240615-19:22:57.108] thr=1   paramiko.transport: === End of kex handshake ===
DEB [20240615-19:22:57.300] thr=1   paramiko.transport: Got server p (2048 bits)
DEB [20240615-19:22:57.468] thr=1   paramiko.transport: kex engine KexGex specified hash_algo <built-in function openssl_sha1>
DEB [20240615-19:22:57.469] thr=1   paramiko.transport: Switch to new keys ...
DEB [20240615-19:22:57.470] thr=2   paramiko.transport: Adding ssh-rsa host key for 192.168.1.19: b'0d3afd0db73cb5bf290ed0799dcd7fb7'
DEB [20240615-19:22:57.471] thr=2   paramiko.transport: Trying SSH key b'bb2b65bece238b1cd8d4647ecbb3532f'
DEB [20240615-19:22:57.670] thr=1   paramiko.transport: userauth is OK
DEB [20240615-19:22:57.671] thr=1   paramiko.transport: Finalizing pubkey algorithm for key of type 'ssh-rsa'
DEB [20240615-19:22:57.671] thr=1   paramiko.transport: Our pubkey algorithm list: ['ssh-rsa']
DEB [20240615-19:22:57.672] thr=1   paramiko.transport: Server did not send a server-sig-algs list; defaulting to our first preferred algo ('ssh-rsa')
DEB [20240615-19:22:57.672] thr=1   paramiko.transport: NOTE: you may use the 'disabled_algorithms' SSHClient/Transport init kwarg to disable that or other algorithms if your server does not support them!
INF [20240615-19:22:57.698] thr=1   paramiko.transport: Authentication (publickey) successful!
DEB [20240615-19:22:57.700] thr=2   paramiko.transport: [chan 0] Max packet in: 32768 bytes
DEB [20240615-19:22:57.702] thr=1   paramiko.transport: [chan 0] Max packet out: 4096 bytes
DEB [20240615-19:22:57.702] thr=1   paramiko.transport: Secsh channel 0 opened.
DEB [20240615-19:22:57.706] thr=1   paramiko.transport: [chan 0] Sesch channel 0 request ok
DEB [20240615-19:22:57.709] thr=1   paramiko.transport: [chan 0] Sesch channel 0 request ok
DEB [20240617-22:29:10.844] thr=1   paramiko.transport: starting thread (client mode): 0x98ec7350
DEB [20240617-22:29:10.846] thr=1   paramiko.transport: Local version/idstring: SSH-2.0-paramiko_2.12.0
DEB [20240617-22:29:10.847] thr=1   paramiko.transport: Remote version/idstring: SSH-2.0-Cisco-1.25
INF [20240617-22:29:10.847] thr=1   paramiko.transport: Connected (version 2.0, client Cisco-1.25)
DEB [20240617-22:29:10.849] thr=1   paramiko.transport: === Key exchange possibilities ===
DEB [20240617-22:29:10.850] thr=1   paramiko.transport: kex algos: diffie-hellman-group-exchange-sha1, diffie-hellman-group14-sha1
DEB [20240617-22:29:10.851] thr=1   paramiko.transport: server key: ssh-rsa
DEB [20240617-22:29:10.851] thr=1   paramiko.transport: client encrypt: aes128-ctr, aes192-ctr, aes256-ctr, aes128-cbc, 3des-cbc, aes192-cbc, aes256-cbc
DEB [20240617-22:29:10.852] thr=1   paramiko.transport: server encrypt: aes128-ctr, aes192-ctr, aes256-ctr, aes128-cbc, 3des-cbc, aes192-cbc, aes256-cbc
DEB [20240617-22:29:10.852] thr=1   paramiko.transport: client mac: hmac-sha1, hmac-sha1-96
DEB [20240617-22:29:10.853] thr=1   paramiko.transport: server mac: hmac-sha1, hmac-sha1-96
DEB [20240617-22:29:10.854] thr=1   paramiko.transport: client compress: none
DEB [20240617-22:29:10.854] thr=1   paramiko.transport: server compress: none
DEB [20240617-22:29:10.855] thr=1   paramiko.transport: client lang: <none>
DEB [20240617-22:29:10.855] thr=1   paramiko.transport: server lang: <none>
DEB [20240617-22:29:10.856] thr=1   paramiko.transport: kex follows: False
DEB [20240617-22:29:10.857] thr=1   paramiko.transport: === Key exchange agreements ===
DEB [20240617-22:29:10.857] thr=1   paramiko.transport: Kex: diffie-hellman-group-exchange-sha1
DEB [20240617-22:29:10.858] thr=1   paramiko.transport: HostKey: ssh-rsa
DEB [20240617-22:29:10.858] thr=1   paramiko.transport: Cipher: aes128-ctr
DEB [20240617-22:29:10.859] thr=1   paramiko.transport: MAC: hmac-sha1
DEB [20240617-22:29:10.859] thr=1   paramiko.transport: Compression: none
DEB [20240617-22:29:10.860] thr=1   paramiko.transport: === End of kex handshake ===
DEB [20240617-22:29:11.052] thr=1   paramiko.transport: Got server p (2048 bits)
DEB [20240617-22:29:11.138] thr=1   paramiko.transport: kex engine KexGex specified hash_algo <built-in function openssl_sha1>
DEB [20240617-22:29:11.139] thr=1   paramiko.transport: Switch to new keys ...
DEB [20240617-22:29:11.139] thr=2   paramiko.transport: Adding ssh-rsa host key for 192.168.1.19: b'0d3afd0db73cb5bf290ed0799dcd7fb7'
DEB [20240617-22:29:11.140] thr=2   paramiko.transport: Trying SSH key b'bb2b65bece238b1cd8d4647ecbb3532f'
DEB [20240617-22:29:11.340] thr=1   paramiko.transport: userauth is OK
DEB [20240617-22:29:11.340] thr=1   paramiko.transport: Finalizing pubkey algorithm for key of type 'ssh-rsa'
DEB [20240617-22:29:11.340] thr=1   paramiko.transport: Our pubkey algorithm list: ['ssh-rsa']
DEB [20240617-22:29:11.341] thr=1   paramiko.transport: Server did not send a server-sig-algs list; defaulting to our first preferred algo ('ssh-rsa')
DEB [20240617-22:29:11.341] thr=1   paramiko.transport: NOTE: you may use the 'disabled_algorithms' SSHClient/Transport init kwarg to disable that or other algorithms if your server does not support them!
INF [20240617-22:29:11.354] thr=1   paramiko.transport: Authentication (publickey) successful!
DEB [20240617-22:29:11.354] thr=2   paramiko.transport: [chan 0] Max packet in: 32768 bytes
DEB [20240617-22:29:11.356] thr=1   paramiko.transport: [chan 0] Max packet out: 4096 bytes
DEB [20240617-22:29:11.356] thr=1   paramiko.transport: Secsh channel 0 opened.
DEB [20240617-22:29:11.358] thr=1   paramiko.transport: [chan 0] Sesch channel 0 request ok
DEB [20240617-22:29:11.359] thr=1   paramiko.transport: [chan 0] Sesch channel 0 request ok
