DEB [20240609-00:29:21.397] thr=1   paramiko.transport: starting thread (client mode): 0x30301d50
DEB [20240609-00:29:21.399] thr=1   paramiko.transport: Local version/idstring: SSH-2.0-paramiko_2.12.0
DEB [20240609-00:29:21.403] thr=1   paramiko.transport: Remote version/idstring: SSH-1.99-Cisco-1.25
INF [20240609-00:29:21.408] thr=1   paramiko.transport: Connected (version 1.99, client Cisco-1.25)
DEB [20240609-00:29:21.409] thr=1   paramiko.transport: === Key exchange possibilities ===
DEB [20240609-00:29:21.409] thr=1   paramiko.transport: kex algos: diffie-hellman-group-exchange-sha1, diffie-hellman-group14-sha1
DEB [20240609-00:29:21.409] thr=1   paramiko.transport: server key: ssh-rsa
DEB [20240609-00:29:21.410] thr=1   paramiko.transport: client encrypt: aes128-ctr, aes192-ctr, aes256-ctr, aes128-cbc, 3des-cbc, aes192-cbc, aes256-cbc
DEB [20240609-00:29:21.410] thr=1   paramiko.transport: server encrypt: aes128-ctr, aes192-ctr, aes256-ctr, aes128-cbc, 3des-cbc, aes192-cbc, aes256-cbc
DEB [20240609-00:29:21.410] thr=1   paramiko.transport: client mac: hmac-sha1, hmac-sha1-96
DEB [20240609-00:29:21.410] thr=1   paramiko.transport: server mac: hmac-sha1, hmac-sha1-96
DEB [20240609-00:29:21.410] thr=1   paramiko.transport: client compress: none
DEB [20240609-00:29:21.410] thr=1   paramiko.transport: server compress: none
DEB [20240609-00:29:21.410] thr=1   paramiko.transport: client lang: <none>
DEB [20240609-00:29:21.410] thr=1   paramiko.transport: server lang: <none>
DEB [20240609-00:29:21.410] thr=1   paramiko.transport: kex follows: False
DEB [20240609-00:29:21.410] thr=1   paramiko.transport: === Key exchange agreements ===
DEB [20240609-00:29:21.410] thr=1   paramiko.transport: Kex: diffie-hellman-group-exchange-sha1
DEB [20240609-00:29:21.411] thr=1   paramiko.transport: HostKey: ssh-rsa
DEB [20240609-00:29:21.411] thr=1   paramiko.transport: Cipher: aes128-ctr
DEB [20240609-00:29:21.411] thr=1   paramiko.transport: MAC: hmac-sha1
DEB [20240609-00:29:21.411] thr=1   paramiko.transport: Compression: none
DEB [20240609-00:29:21.411] thr=1   paramiko.transport: === End of kex handshake ===
DEB [20240609-00:29:21.618] thr=1   paramiko.transport: Got server p (2048 bits)
DEB [20240609-00:29:21.794] thr=1   paramiko.transport: kex engine KexGex specified hash_algo <built-in function openssl_sha1>
DEB [20240609-00:29:21.795] thr=1   paramiko.transport: Switch to new keys ...
DEB [20240609-00:29:21.795] thr=2   paramiko.transport: Adding ssh-rsa host key for 192.168.1.15: b'965118b7855055483ac906c995c73a6a'
DEB [20240609-00:29:21.796] thr=2   paramiko.transport: Trying SSH key b'bb2b65bece238b1cd8d4647ecbb3532f'
DEB [20240609-00:29:21.999] thr=1   paramiko.transport: userauth is OK
DEB [20240609-00:29:21.999] thr=1   paramiko.transport: Finalizing pubkey algorithm for key of type 'ssh-rsa'
DEB [20240609-00:29:22.000] thr=1   paramiko.transport: Our pubkey algorithm list: ['ssh-rsa']
DEB [20240609-00:29:22.000] thr=1   paramiko.transport: Server did not send a server-sig-algs list; defaulting to our first preferred algo ('ssh-rsa')
DEB [20240609-00:29:22.000] thr=1   paramiko.transport: NOTE: you may use the 'disabled_algorithms' SSHClient/Transport init kwarg to disable that or other algorithms if your server does not support them!
INF [20240609-00:29:24.027] thr=1   paramiko.transport: Authentication (publickey) failed.
DEB [20240609-00:29:25.155] thr=2   paramiko.transport: Trying discovered key b'bb2b65bece238b1cd8d4647ecbb3532f' in /home/benz/.ssh/id_rsa
INF [20240609-00:29:25.169] thr=1   paramiko.transport: Disconnect (code 2): Protocol error: expected packet type 50, got 5
DEB [20240609-00:29:44.317] thr=1   paramiko.transport: starting thread (client mode): 0x2ed59d50
DEB [20240609-00:29:44.318] thr=1   paramiko.transport: Local version/idstring: SSH-2.0-paramiko_2.12.0
DEB [20240609-00:29:44.319] thr=1   paramiko.transport: Remote version/idstring: SSH-1.99-Cisco-1.25
INF [20240609-00:29:44.319] thr=1   paramiko.transport: Connected (version 1.99, client Cisco-1.25)
DEB [20240609-00:29:44.322] thr=1   paramiko.transport: === Key exchange possibilities ===
DEB [20240609-00:29:44.322] thr=1   paramiko.transport: kex algos: diffie-hellman-group-exchange-sha1, diffie-hellman-group14-sha1
DEB [20240609-00:29:44.323] thr=1   paramiko.transport: server key: ssh-rsa
DEB [20240609-00:29:44.323] thr=1   paramiko.transport: client encrypt: aes128-ctr, aes192-ctr, aes256-ctr, aes128-cbc, 3des-cbc, aes192-cbc, aes256-cbc
DEB [20240609-00:29:44.323] thr=1   paramiko.transport: server encrypt: aes128-ctr, aes192-ctr, aes256-ctr, aes128-cbc, 3des-cbc, aes192-cbc, aes256-cbc
DEB [20240609-00:29:44.323] thr=1   paramiko.transport: client mac: hmac-sha1, hmac-sha1-96
DEB [20240609-00:29:44.324] thr=1   paramiko.transport: server mac: hmac-sha1, hmac-sha1-96
DEB [20240609-00:29:44.324] thr=1   paramiko.transport: client compress: none
DEB [20240609-00:29:44.324] thr=1   paramiko.transport: server compress: none
DEB [20240609-00:29:44.325] thr=1   paramiko.transport: client lang: <none>
DEB [20240609-00:29:44.325] thr=1   paramiko.transport: server lang: <none>
DEB [20240609-00:29:44.326] thr=1   paramiko.transport: kex follows: False
DEB [20240609-00:29:44.326] thr=1   paramiko.transport: === Key exchange agreements ===
DEB [20240609-00:29:44.326] thr=1   paramiko.transport: Kex: diffie-hellman-group-exchange-sha1
DEB [20240609-00:29:44.327] thr=1   paramiko.transport: HostKey: ssh-rsa
DEB [20240609-00:29:44.327] thr=1   paramiko.transport: Cipher: aes128-ctr
DEB [20240609-00:29:44.328] thr=1   paramiko.transport: MAC: hmac-sha1
DEB [20240609-00:29:44.328] thr=1   paramiko.transport: Compression: none
DEB [20240609-00:29:44.329] thr=1   paramiko.transport: === End of kex handshake ===
DEB [20240609-00:29:44.526] thr=1   paramiko.transport: Got server p (2048 bits)
DEB [20240609-00:29:44.813] thr=1   paramiko.transport: kex engine KexGex specified hash_algo <built-in function openssl_sha1>
DEB [20240609-00:29:44.814] thr=1   paramiko.transport: Switch to new keys ...
DEB [20240609-00:29:44.816] thr=2   paramiko.transport: Adding ssh-rsa host key for 192.168.1.15: b'965118b7855055483ac906c995c73a6a'
DEB [20240609-00:29:44.816] thr=2   paramiko.transport: Trying SSH key b'bb2b65bece238b1cd8d4647ecbb3532f'
DEB [20240609-00:29:45.018] thr=1   paramiko.transport: userauth is OK
DEB [20240609-00:29:45.019] thr=1   paramiko.transport: Finalizing pubkey algorithm for key of type 'ssh-rsa'
DEB [20240609-00:29:45.019] thr=1   paramiko.transport: Our pubkey algorithm list: ['ssh-rsa']
DEB [20240609-00:29:45.020] thr=1   paramiko.transport: Server did not send a server-sig-algs list; defaulting to our first preferred algo ('ssh-rsa')
DEB [20240609-00:29:45.021] thr=1   paramiko.transport: NOTE: you may use the 'disabled_algorithms' SSHClient/Transport init kwarg to disable that or other algorithms if your server does not support them!
INF [20240609-00:29:45.049] thr=1   paramiko.transport: Authentication (publickey) successful!
DEB [20240609-00:29:45.050] thr=2   paramiko.transport: [chan 0] Max packet in: 32768 bytes
DEB [20240609-00:29:45.054] thr=1   paramiko.transport: [chan 0] Max packet out: 4096 bytes
DEB [20240609-00:29:45.055] thr=1   paramiko.transport: Secsh channel 0 opened.
DEB [20240609-00:29:45.058] thr=1   paramiko.transport: [chan 0] Sesch channel 0 request ok
DEB [20240609-00:29:45.062] thr=1   paramiko.transport: [chan 0] Sesch channel 0 request ok
DEB [20240609-00:42:26.237] thr=1   paramiko.transport: starting thread (client mode): 0x58f01fd0
DEB [20240609-00:42:26.239] thr=1   paramiko.transport: Local version/idstring: SSH-2.0-paramiko_2.12.0
DEB [20240609-00:42:26.240] thr=1   paramiko.transport: Remote version/idstring: SSH-1.99-Cisco-1.25
INF [20240609-00:42:26.241] thr=1   paramiko.transport: Connected (version 1.99, client Cisco-1.25)
DEB [20240609-00:42:26.244] thr=1   paramiko.transport: === Key exchange possibilities ===
DEB [20240609-00:42:26.245] thr=1   paramiko.transport: kex algos: diffie-hellman-group-exchange-sha1, diffie-hellman-group14-sha1
DEB [20240609-00:42:26.246] thr=1   paramiko.transport: server key: ssh-rsa
DEB [20240609-00:42:26.247] thr=1   paramiko.transport: client encrypt: aes128-ctr, aes192-ctr, aes256-ctr, aes128-cbc, 3des-cbc, aes192-cbc, aes256-cbc
DEB [20240609-00:42:26.249] thr=1   paramiko.transport: server encrypt: aes128-ctr, aes192-ctr, aes256-ctr, aes128-cbc, 3des-cbc, aes192-cbc, aes256-cbc
DEB [20240609-00:42:26.250] thr=1   paramiko.transport: client mac: hmac-sha1, hmac-sha1-96
DEB [20240609-00:42:26.251] thr=1   paramiko.transport: server mac: hmac-sha1, hmac-sha1-96
DEB [20240609-00:42:26.252] thr=1   paramiko.transport: client compress: none
DEB [20240609-00:42:26.253] thr=1   paramiko.transport: server compress: none
DEB [20240609-00:42:26.254] thr=1   paramiko.transport: client lang: <none>
DEB [20240609-00:42:26.255] thr=1   paramiko.transport: server lang: <none>
DEB [20240609-00:42:26.256] thr=1   paramiko.transport: kex follows: False
DEB [20240609-00:42:26.257] thr=1   paramiko.transport: === Key exchange agreements ===
DEB [20240609-00:42:26.258] thr=1   paramiko.transport: Kex: diffie-hellman-group-exchange-sha1
DEB [20240609-00:42:26.259] thr=1   paramiko.transport: HostKey: ssh-rsa
DEB [20240609-00:42:26.260] thr=1   paramiko.transport: Cipher: aes128-ctr
DEB [20240609-00:42:26.261] thr=1   paramiko.transport: MAC: hmac-sha1
DEB [20240609-00:42:26.261] thr=1   paramiko.transport: Compression: none
DEB [20240609-00:42:26.262] thr=1   paramiko.transport: === End of kex handshake ===
DEB [20240609-00:42:26.448] thr=1   paramiko.transport: Got server p (2048 bits)
DEB [20240609-00:42:26.629] thr=1   paramiko.transport: kex engine KexGex specified hash_algo <built-in function openssl_sha1>
DEB [20240609-00:42:26.630] thr=1   paramiko.transport: Switch to new keys ...
DEB [20240609-00:42:26.631] thr=2   paramiko.transport: Adding ssh-rsa host key for 192.168.1.15: b'965118b7855055483ac906c995c73a6a'
DEB [20240609-00:42:26.632] thr=2   paramiko.transport: Trying SSH key b'bb2b65bece238b1cd8d4647ecbb3532f'
DEB [20240609-00:42:26.833] thr=1   paramiko.transport: userauth is OK
DEB [20240609-00:42:26.834] thr=1   paramiko.transport: Finalizing pubkey algorithm for key of type 'ssh-rsa'
DEB [20240609-00:42:26.834] thr=1   paramiko.transport: Our pubkey algorithm list: ['ssh-rsa']
DEB [20240609-00:42:26.835] thr=1   paramiko.transport: Server did not send a server-sig-algs list; defaulting to our first preferred algo ('ssh-rsa')
DEB [20240609-00:42:26.835] thr=1   paramiko.transport: NOTE: you may use the 'disabled_algorithms' SSHClient/Transport init kwarg to disable that or other algorithms if your server does not support them!
INF [20240609-00:42:26.861] thr=1   paramiko.transport: Authentication (publickey) successful!
DEB [20240609-00:42:26.862] thr=2   paramiko.transport: [chan 0] Max packet in: 32768 bytes
DEB [20240609-00:42:26.865] thr=1   paramiko.transport: [chan 0] Max packet out: 4096 bytes
DEB [20240609-00:42:26.865] thr=1   paramiko.transport: Secsh channel 0 opened.
DEB [20240609-00:42:26.870] thr=1   paramiko.transport: [chan 0] Sesch channel 0 request ok
DEB [20240609-00:42:26.872] thr=1   paramiko.transport: [chan 0] Sesch channel 0 request ok
DEB [20240609-01:00:23.974] thr=1   paramiko.transport: starting thread (client mode): 0x98bff010
DEB [20240609-01:00:23.976] thr=1   paramiko.transport: Local version/idstring: SSH-2.0-paramiko_2.12.0
DEB [20240609-01:00:23.976] thr=1   paramiko.transport: Remote version/idstring: SSH-1.99-Cisco-1.25
INF [20240609-01:00:23.977] thr=1   paramiko.transport: Connected (version 1.99, client Cisco-1.25)
DEB [20240609-01:00:23.978] thr=1   paramiko.transport: === Key exchange possibilities ===
DEB [20240609-01:00:23.979] thr=1   paramiko.transport: kex algos: diffie-hellman-group-exchange-sha1, diffie-hellman-group14-sha1
DEB [20240609-01:00:23.979] thr=1   paramiko.transport: server key: ssh-rsa
DEB [20240609-01:00:23.980] thr=1   paramiko.transport: client encrypt: aes128-ctr, aes192-ctr, aes256-ctr, aes128-cbc, 3des-cbc, aes192-cbc, aes256-cbc
DEB [20240609-01:00:23.980] thr=1   paramiko.transport: server encrypt: aes128-ctr, aes192-ctr, aes256-ctr, aes128-cbc, 3des-cbc, aes192-cbc, aes256-cbc
DEB [20240609-01:00:23.981] thr=1   paramiko.transport: client mac: hmac-sha1, hmac-sha1-96
DEB [20240609-01:00:23.981] thr=1   paramiko.transport: server mac: hmac-sha1, hmac-sha1-96
DEB [20240609-01:00:23.982] thr=1   paramiko.transport: client compress: none
DEB [20240609-01:00:23.982] thr=1   paramiko.transport: server compress: none
DEB [20240609-01:00:23.983] thr=1   paramiko.transport: client lang: <none>
DEB [20240609-01:00:23.983] thr=1   paramiko.transport: server lang: <none>
DEB [20240609-01:00:23.984] thr=1   paramiko.transport: kex follows: False
DEB [20240609-01:00:23.984] thr=1   paramiko.transport: === Key exchange agreements ===
DEB [20240609-01:00:23.985] thr=1   paramiko.transport: Kex: diffie-hellman-group-exchange-sha1
DEB [20240609-01:00:23.985] thr=1   paramiko.transport: HostKey: ssh-rsa
DEB [20240609-01:00:23.986] thr=1   paramiko.transport: Cipher: aes128-ctr
DEB [20240609-01:00:23.986] thr=1   paramiko.transport: MAC: hmac-sha1
DEB [20240609-01:00:23.987] thr=1   paramiko.transport: Compression: none
DEB [20240609-01:00:23.987] thr=1   paramiko.transport: === End of kex handshake ===
DEB [20240609-01:00:24.182] thr=1   paramiko.transport: Got server p (2048 bits)
DEB [20240609-01:00:24.270] thr=1   paramiko.transport: kex engine KexGex specified hash_algo <built-in function openssl_sha1>
DEB [20240609-01:00:24.271] thr=1   paramiko.transport: Switch to new keys ...
DEB [20240609-01:00:24.272] thr=2   paramiko.transport: Adding ssh-rsa host key for 192.168.1.15: b'965118b7855055483ac906c995c73a6a'
DEB [20240609-01:00:24.272] thr=2   paramiko.transport: Trying SSH key b'bb2b65bece238b1cd8d4647ecbb3532f'
DEB [20240609-01:00:24.476] thr=1   paramiko.transport: userauth is OK
DEB [20240609-01:00:24.476] thr=1   paramiko.transport: Finalizing pubkey algorithm for key of type 'ssh-rsa'
DEB [20240609-01:00:24.476] thr=1   paramiko.transport: Our pubkey algorithm list: ['ssh-rsa']
DEB [20240609-01:00:24.476] thr=1   paramiko.transport: Server did not send a server-sig-algs list; defaulting to our first preferred algo ('ssh-rsa')
DEB [20240609-01:00:24.476] thr=1   paramiko.transport: NOTE: you may use the 'disabled_algorithms' SSHClient/Transport init kwarg to disable that or other algorithms if your server does not support them!
INF [20240609-01:00:24.506] thr=1   paramiko.transport: Authentication (publickey) successful!
DEB [20240609-01:00:24.507] thr=2   paramiko.transport: [chan 0] Max packet in: 32768 bytes
DEB [20240609-01:00:24.511] thr=1   paramiko.transport: [chan 0] Max packet out: 4096 bytes
DEB [20240609-01:00:24.511] thr=1   paramiko.transport: Secsh channel 0 opened.
DEB [20240609-01:00:24.516] thr=1   paramiko.transport: [chan 0] Sesch channel 0 request ok
DEB [20240609-01:00:24.520] thr=1   paramiko.transport: [chan 0] Sesch channel 0 request ok
DEB [20240609-03:52:26.779] thr=1   paramiko.transport: starting thread (client mode): 0xb01ff010
DEB [20240609-03:52:26.782] thr=1   paramiko.transport: Local version/idstring: SSH-2.0-paramiko_2.12.0
DEB [20240609-03:52:26.782] thr=1   paramiko.transport: Remote version/idstring: SSH-1.99-Cisco-1.25
INF [20240609-03:52:26.783] thr=1   paramiko.transport: Connected (version 1.99, client Cisco-1.25)
DEB [20240609-03:52:26.784] thr=1   paramiko.transport: === Key exchange possibilities ===
DEB [20240609-03:52:26.785] thr=1   paramiko.transport: kex algos: diffie-hellman-group-exchange-sha1, diffie-hellman-group14-sha1
DEB [20240609-03:52:26.785] thr=1   paramiko.transport: server key: ssh-rsa
DEB [20240609-03:52:26.786] thr=1   paramiko.transport: client encrypt: aes128-ctr, aes192-ctr, aes256-ctr, aes128-cbc, 3des-cbc, aes192-cbc, aes256-cbc
DEB [20240609-03:52:26.786] thr=1   paramiko.transport: server encrypt: aes128-ctr, aes192-ctr, aes256-ctr, aes128-cbc, 3des-cbc, aes192-cbc, aes256-cbc
DEB [20240609-03:52:26.787] thr=1   paramiko.transport: client mac: hmac-sha1, hmac-sha1-96
DEB [20240609-03:52:26.787] thr=1   paramiko.transport: server mac: hmac-sha1, hmac-sha1-96
DEB [20240609-03:52:26.788] thr=1   paramiko.transport: client compress: none
DEB [20240609-03:52:26.788] thr=1   paramiko.transport: server compress: none
DEB [20240609-03:52:26.789] thr=1   paramiko.transport: client lang: <none>
DEB [20240609-03:52:26.789] thr=1   paramiko.transport: server lang: <none>
DEB [20240609-03:52:26.790] thr=1   paramiko.transport: kex follows: False
DEB [20240609-03:52:26.790] thr=1   paramiko.transport: === Key exchange agreements ===
DEB [20240609-03:52:26.791] thr=1   paramiko.transport: Kex: diffie-hellman-group-exchange-sha1
DEB [20240609-03:52:26.791] thr=1   paramiko.transport: HostKey: ssh-rsa
DEB [20240609-03:52:26.792] thr=1   paramiko.transport: Cipher: aes128-ctr
DEB [20240609-03:52:26.792] thr=1   paramiko.transport: MAC: hmac-sha1
DEB [20240609-03:52:26.793] thr=1   paramiko.transport: Compression: none
DEB [20240609-03:52:26.793] thr=1   paramiko.transport: === End of kex handshake ===
DEB [20240609-03:52:26.988] thr=1   paramiko.transport: Got server p (2048 bits)
DEB [20240609-03:52:27.098] thr=1   paramiko.transport: kex engine KexGex specified hash_algo <built-in function openssl_sha1>
DEB [20240609-03:52:27.099] thr=1   paramiko.transport: Switch to new keys ...
DEB [20240609-03:52:27.100] thr=2   paramiko.transport: Adding ssh-rsa host key for 192.168.1.15: b'965118b7855055483ac906c995c73a6a'
DEB [20240609-03:52:27.100] thr=2   paramiko.transport: Trying SSH key b'bb2b65bece238b1cd8d4647ecbb3532f'
DEB [20240609-03:52:27.301] thr=1   paramiko.transport: userauth is OK
DEB [20240609-03:52:27.301] thr=1   paramiko.transport: Finalizing pubkey algorithm for key of type 'ssh-rsa'
DEB [20240609-03:52:27.301] thr=1   paramiko.transport: Our pubkey algorithm list: ['ssh-rsa']
DEB [20240609-03:52:27.302] thr=1   paramiko.transport: Server did not send a server-sig-algs list; defaulting to our first preferred algo ('ssh-rsa')
DEB [20240609-03:52:27.302] thr=1   paramiko.transport: NOTE: you may use the 'disabled_algorithms' SSHClient/Transport init kwarg to disable that or other algorithms if your server does not support them!
INF [20240609-03:52:27.329] thr=1   paramiko.transport: Authentication (publickey) successful!
DEB [20240609-03:52:27.330] thr=2   paramiko.transport: [chan 0] Max packet in: 32768 bytes
DEB [20240609-03:52:27.333] thr=1   paramiko.transport: [chan 0] Max packet out: 4096 bytes
DEB [20240609-03:52:27.334] thr=1   paramiko.transport: Secsh channel 0 opened.
DEB [20240609-03:52:27.337] thr=1   paramiko.transport: [chan 0] Sesch channel 0 request ok
DEB [20240609-03:52:27.339] thr=1   paramiko.transport: [chan 0] Sesch channel 0 request ok
DEB [20240609-04:17:43.827] thr=1   paramiko.transport: starting thread (client mode): 0x7a5ba110
DEB [20240609-04:17:43.829] thr=1   paramiko.transport: Local version/idstring: SSH-2.0-paramiko_2.12.0
DEB [20240609-04:17:43.830] thr=1   paramiko.transport: Remote version/idstring: SSH-1.99-Cisco-1.25
INF [20240609-04:17:43.830] thr=1   paramiko.transport: Connected (version 1.99, client Cisco-1.25)
DEB [20240609-04:17:43.831] thr=1   paramiko.transport: === Key exchange possibilities ===
DEB [20240609-04:17:43.832] thr=1   paramiko.transport: kex algos: diffie-hellman-group-exchange-sha1, diffie-hellman-group14-sha1
DEB [20240609-04:17:43.832] thr=1   paramiko.transport: server key: ssh-rsa
DEB [20240609-04:17:43.833] thr=1   paramiko.transport: client encrypt: aes128-ctr, aes192-ctr, aes256-ctr, aes128-cbc, 3des-cbc, aes192-cbc, aes256-cbc
DEB [20240609-04:17:43.834] thr=1   paramiko.transport: server encrypt: aes128-ctr, aes192-ctr, aes256-ctr, aes128-cbc, 3des-cbc, aes192-cbc, aes256-cbc
DEB [20240609-04:17:43.834] thr=1   paramiko.transport: client mac: hmac-sha1, hmac-sha1-96
DEB [20240609-04:17:43.835] thr=1   paramiko.transport: server mac: hmac-sha1, hmac-sha1-96
DEB [20240609-04:17:43.835] thr=1   paramiko.transport: client compress: none
DEB [20240609-04:17:43.836] thr=1   paramiko.transport: server compress: none
DEB [20240609-04:17:43.836] thr=1   paramiko.transport: client lang: <none>
DEB [20240609-04:17:43.837] thr=1   paramiko.transport: server lang: <none>
DEB [20240609-04:17:43.837] thr=1   paramiko.transport: kex follows: False
DEB [20240609-04:17:43.838] thr=1   paramiko.transport: === Key exchange agreements ===
DEB [20240609-04:17:43.838] thr=1   paramiko.transport: Kex: diffie-hellman-group-exchange-sha1
DEB [20240609-04:17:43.839] thr=1   paramiko.transport: HostKey: ssh-rsa
DEB [20240609-04:17:43.839] thr=1   paramiko.transport: Cipher: aes128-ctr
DEB [20240609-04:17:43.840] thr=1   paramiko.transport: MAC: hmac-sha1
DEB [20240609-04:17:43.840] thr=1   paramiko.transport: Compression: none
DEB [20240609-04:17:43.841] thr=1   paramiko.transport: === End of kex handshake ===
DEB [20240609-04:17:44.035] thr=1   paramiko.transport: Got server p (2048 bits)
DEB [20240609-04:17:44.120] thr=1   paramiko.transport: kex engine KexGex specified hash_algo <built-in function openssl_sha1>
DEB [20240609-04:17:44.121] thr=1   paramiko.transport: Switch to new keys ...
DEB [20240609-04:17:44.122] thr=2   paramiko.transport: Adding ssh-rsa host key for 192.168.1.15: b'965118b7855055483ac906c995c73a6a'
DEB [20240609-04:17:44.122] thr=2   paramiko.transport: Trying SSH key b'bb2b65bece238b1cd8d4647ecbb3532f'
DEB [20240609-04:17:44.325] thr=1   paramiko.transport: userauth is OK
DEB [20240609-04:17:44.326] thr=1   paramiko.transport: Finalizing pubkey algorithm for key of type 'ssh-rsa'
DEB [20240609-04:17:44.327] thr=1   paramiko.transport: Our pubkey algorithm list: ['ssh-rsa']
DEB [20240609-04:17:44.328] thr=1   paramiko.transport: Server did not send a server-sig-algs list; defaulting to our first preferred algo ('ssh-rsa')
DEB [20240609-04:17:44.329] thr=1   paramiko.transport: NOTE: you may use the 'disabled_algorithms' SSHClient/Transport init kwarg to disable that or other algorithms if your server does not support them!
INF [20240609-04:17:44.357] thr=1   paramiko.transport: Authentication (publickey) successful!
DEB [20240609-04:17:44.358] thr=2   paramiko.transport: [chan 0] Max packet in: 32768 bytes
DEB [20240609-04:17:44.360] thr=1   paramiko.transport: [chan 0] Max packet out: 4096 bytes
DEB [20240609-04:17:44.360] thr=1   paramiko.transport: Secsh channel 0 opened.
DEB [20240609-04:17:44.364] thr=1   paramiko.transport: [chan 0] Sesch channel 0 request ok
DEB [20240609-04:17:44.369] thr=1   paramiko.transport: [chan 0] Sesch channel 0 request ok
DEB [20240609-04:19:11.327] thr=1   paramiko.transport: starting thread (client mode): 0x8f756090
DEB [20240609-04:19:11.329] thr=1   paramiko.transport: Local version/idstring: SSH-2.0-paramiko_2.12.0
DEB [20240609-04:19:11.330] thr=1   paramiko.transport: Remote version/idstring: SSH-1.99-Cisco-1.25
INF [20240609-04:19:11.330] thr=1   paramiko.transport: Connected (version 1.99, client Cisco-1.25)
DEB [20240609-04:19:11.331] thr=1   paramiko.transport: === Key exchange possibilities ===
DEB [20240609-04:19:11.332] thr=1   paramiko.transport: kex algos: diffie-hellman-group-exchange-sha1, diffie-hellman-group14-sha1
DEB [20240609-04:19:11.333] thr=1   paramiko.transport: server key: ssh-rsa
DEB [20240609-04:19:11.333] thr=1   paramiko.transport: client encrypt: aes128-ctr, aes192-ctr, aes256-ctr, aes128-cbc, 3des-cbc, aes192-cbc, aes256-cbc
DEB [20240609-04:19:11.334] thr=1   paramiko.transport: server encrypt: aes128-ctr, aes192-ctr, aes256-ctr, aes128-cbc, 3des-cbc, aes192-cbc, aes256-cbc
DEB [20240609-04:19:11.334] thr=1   paramiko.transport: client mac: hmac-sha1, hmac-sha1-96
DEB [20240609-04:19:11.335] thr=1   paramiko.transport: server mac: hmac-sha1, hmac-sha1-96
DEB [20240609-04:19:11.335] thr=1   paramiko.transport: client compress: none
DEB [20240609-04:19:11.336] thr=1   paramiko.transport: server compress: none
DEB [20240609-04:19:11.336] thr=1   paramiko.transport: client lang: <none>
DEB [20240609-04:19:11.337] thr=1   paramiko.transport: server lang: <none>
DEB [20240609-04:19:11.338] thr=1   paramiko.transport: kex follows: False
DEB [20240609-04:19:11.338] thr=1   paramiko.transport: === Key exchange agreements ===
DEB [20240609-04:19:11.339] thr=1   paramiko.transport: Kex: diffie-hellman-group-exchange-sha1
DEB [20240609-04:19:11.339] thr=1   paramiko.transport: HostKey: ssh-rsa
DEB [20240609-04:19:11.340] thr=1   paramiko.transport: Cipher: aes128-ctr
DEB [20240609-04:19:11.340] thr=1   paramiko.transport: MAC: hmac-sha1
DEB [20240609-04:19:11.341] thr=1   paramiko.transport: Compression: none
DEB [20240609-04:19:11.342] thr=1   paramiko.transport: === End of kex handshake ===
DEB [20240609-04:19:11.535] thr=1   paramiko.transport: Got server p (2048 bits)
DEB [20240609-04:19:11.624] thr=1   paramiko.transport: kex engine KexGex specified hash_algo <built-in function openssl_sha1>
DEB [20240609-04:19:11.625] thr=1   paramiko.transport: Switch to new keys ...
DEB [20240609-04:19:11.626] thr=2   paramiko.transport: Adding ssh-rsa host key for 192.168.1.15: b'965118b7855055483ac906c995c73a6a'
DEB [20240609-04:19:11.627] thr=2   paramiko.transport: Trying SSH key b'bb2b65bece238b1cd8d4647ecbb3532f'
DEB [20240609-04:19:11.828] thr=1   paramiko.transport: userauth is OK
DEB [20240609-04:19:11.829] thr=1   paramiko.transport: Finalizing pubkey algorithm for key of type 'ssh-rsa'
DEB [20240609-04:19:11.829] thr=1   paramiko.transport: Our pubkey algorithm list: ['ssh-rsa']
DEB [20240609-04:19:11.829] thr=1   paramiko.transport: Server did not send a server-sig-algs list; defaulting to our first preferred algo ('ssh-rsa')
DEB [20240609-04:19:11.829] thr=1   paramiko.transport: NOTE: you may use the 'disabled_algorithms' SSHClient/Transport init kwarg to disable that or other algorithms if your server does not support them!
INF [20240609-04:19:11.859] thr=1   paramiko.transport: Authentication (publickey) successful!
DEB [20240609-04:19:11.860] thr=2   paramiko.transport: [chan 0] Max packet in: 32768 bytes
DEB [20240609-04:19:11.863] thr=1   paramiko.transport: [chan 0] Max packet out: 4096 bytes
DEB [20240609-04:19:11.864] thr=1   paramiko.transport: Secsh channel 0 opened.
DEB [20240609-04:19:11.869] thr=1   paramiko.transport: [chan 0] Sesch channel 0 request ok
DEB [20240609-04:19:11.872] thr=1   paramiko.transport: [chan 0] Sesch channel 0 request ok
DEB [20240609-04:21:02.754] thr=1   paramiko.transport: starting thread (client mode): 0xea602010
DEB [20240609-04:21:02.756] thr=1   paramiko.transport: Local version/idstring: SSH-2.0-paramiko_2.12.0
DEB [20240609-04:21:02.760] thr=1   paramiko.transport: Remote version/idstring: SSH-1.99-Cisco-1.25
INF [20240609-04:21:02.761] thr=1   paramiko.transport: Connected (version 1.99, client Cisco-1.25)
DEB [20240609-04:21:02.762] thr=1   paramiko.transport: === Key exchange possibilities ===
DEB [20240609-04:21:02.763] thr=1   paramiko.transport: kex algos: diffie-hellman-group-exchange-sha1, diffie-hellman-group14-sha1
DEB [20240609-04:21:02.763] thr=1   paramiko.transport: server key: ssh-rsa
DEB [20240609-04:21:02.764] thr=1   paramiko.transport: client encrypt: aes128-ctr, aes192-ctr, aes256-ctr, aes128-cbc, 3des-cbc, aes192-cbc, aes256-cbc
DEB [20240609-04:21:02.764] thr=1   paramiko.transport: server encrypt: aes128-ctr, aes192-ctr, aes256-ctr, aes128-cbc, 3des-cbc, aes192-cbc, aes256-cbc
DEB [20240609-04:21:02.765] thr=1   paramiko.transport: client mac: hmac-sha1, hmac-sha1-96
DEB [20240609-04:21:02.766] thr=1   paramiko.transport: server mac: hmac-sha1, hmac-sha1-96
DEB [20240609-04:21:02.766] thr=1   paramiko.transport: client compress: none
DEB [20240609-04:21:02.767] thr=1   paramiko.transport: server compress: none
DEB [20240609-04:21:02.768] thr=1   paramiko.transport: client lang: <none>
DEB [20240609-04:21:02.768] thr=1   paramiko.transport: server lang: <none>
DEB [20240609-04:21:02.769] thr=1   paramiko.transport: kex follows: False
DEB [20240609-04:21:02.769] thr=1   paramiko.transport: === Key exchange agreements ===
DEB [20240609-04:21:02.770] thr=1   paramiko.transport: Kex: diffie-hellman-group-exchange-sha1
DEB [20240609-04:21:02.770] thr=1   paramiko.transport: HostKey: ssh-rsa
DEB [20240609-04:21:02.772] thr=1   paramiko.transport: Cipher: aes128-ctr
DEB [20240609-04:21:02.773] thr=1   paramiko.transport: MAC: hmac-sha1
DEB [20240609-04:21:02.774] thr=1   paramiko.transport: Compression: none
DEB [20240609-04:21:02.775] thr=1   paramiko.transport: === End of kex handshake ===
DEB [20240609-04:21:02.968] thr=1   paramiko.transport: Got server p (2048 bits)
DEB [20240609-04:21:03.240] thr=1   paramiko.transport: kex engine KexGex specified hash_algo <built-in function openssl_sha1>
DEB [20240609-04:21:03.241] thr=1   paramiko.transport: Switch to new keys ...
DEB [20240609-04:21:03.243] thr=2   paramiko.transport: Adding ssh-rsa host key for 192.168.1.15: b'965118b7855055483ac906c995c73a6a'
DEB [20240609-04:21:03.244] thr=2   paramiko.transport: Trying SSH key b'bb2b65bece238b1cd8d4647ecbb3532f'
DEB [20240609-04:21:03.444] thr=1   paramiko.transport: userauth is OK
DEB [20240609-04:21:03.444] thr=1   paramiko.transport: Finalizing pubkey algorithm for key of type 'ssh-rsa'
DEB [20240609-04:21:03.444] thr=1   paramiko.transport: Our pubkey algorithm list: ['ssh-rsa']
DEB [20240609-04:21:03.444] thr=1   paramiko.transport: Server did not send a server-sig-algs list; defaulting to our first preferred algo ('ssh-rsa')
DEB [20240609-04:21:03.444] thr=1   paramiko.transport: NOTE: you may use the 'disabled_algorithms' SSHClient/Transport init kwarg to disable that or other algorithms if your server does not support them!
INF [20240609-04:21:03.472] thr=1   paramiko.transport: Authentication (publickey) successful!
DEB [20240609-04:21:03.474] thr=2   paramiko.transport: [chan 0] Max packet in: 32768 bytes
DEB [20240609-04:21:03.476] thr=1   paramiko.transport: [chan 0] Max packet out: 4096 bytes
DEB [20240609-04:21:03.477] thr=1   paramiko.transport: Secsh channel 0 opened.
DEB [20240609-04:21:03.481] thr=1   paramiko.transport: [chan 0] Sesch channel 0 request ok
DEB [20240609-04:21:03.487] thr=1   paramiko.transport: [chan 0] Sesch channel 0 request ok
DEB [20240609-04:22:32.281] thr=1   paramiko.transport: starting thread (client mode): 0xa7cfe150
DEB [20240609-04:22:32.282] thr=1   paramiko.transport: Local version/idstring: SSH-2.0-paramiko_2.12.0
DEB [20240609-04:22:32.283] thr=1   paramiko.transport: Remote version/idstring: SSH-1.99-Cisco-1.25
INF [20240609-04:22:32.283] thr=1   paramiko.transport: Connected (version 1.99, client Cisco-1.25)
DEB [20240609-04:22:32.284] thr=1   paramiko.transport: === Key exchange possibilities ===
DEB [20240609-04:22:32.284] thr=1   paramiko.transport: kex algos: diffie-hellman-group-exchange-sha1, diffie-hellman-group14-sha1
DEB [20240609-04:22:32.285] thr=1   paramiko.transport: server key: ssh-rsa
DEB [20240609-04:22:32.285] thr=1   paramiko.transport: client encrypt: aes128-ctr, aes192-ctr, aes256-ctr, aes128-cbc, 3des-cbc, aes192-cbc, aes256-cbc
DEB [20240609-04:22:32.285] thr=1   paramiko.transport: server encrypt: aes128-ctr, aes192-ctr, aes256-ctr, aes128-cbc, 3des-cbc, aes192-cbc, aes256-cbc
DEB [20240609-04:22:32.285] thr=1   paramiko.transport: client mac: hmac-sha1, hmac-sha1-96
DEB [20240609-04:22:32.285] thr=1   paramiko.transport: server mac: hmac-sha1, hmac-sha1-96
DEB [20240609-04:22:32.285] thr=1   paramiko.transport: client compress: none
DEB [20240609-04:22:32.285] thr=1   paramiko.transport: server compress: none
DEB [20240609-04:22:32.285] thr=1   paramiko.transport: client lang: <none>
DEB [20240609-04:22:32.285] thr=1   paramiko.transport: server lang: <none>
DEB [20240609-04:22:32.286] thr=1   paramiko.transport: kex follows: False
DEB [20240609-04:22:32.286] thr=1   paramiko.transport: === Key exchange agreements ===
DEB [20240609-04:22:32.286] thr=1   paramiko.transport: Kex: diffie-hellman-group-exchange-sha1
DEB [20240609-04:22:32.286] thr=1   paramiko.transport: HostKey: ssh-rsa
DEB [20240609-04:22:32.286] thr=1   paramiko.transport: Cipher: aes128-ctr
DEB [20240609-04:22:32.287] thr=1   paramiko.transport: MAC: hmac-sha1
DEB [20240609-04:22:32.287] thr=1   paramiko.transport: Compression: none
DEB [20240609-04:22:32.287] thr=1   paramiko.transport: === End of kex handshake ===
DEB [20240609-04:22:32.487] thr=1   paramiko.transport: Got server p (2048 bits)
DEB [20240609-04:22:32.572] thr=1   paramiko.transport: kex engine KexGex specified hash_algo <built-in function openssl_sha1>
DEB [20240609-04:22:32.573] thr=1   paramiko.transport: Switch to new keys ...
DEB [20240609-04:22:32.574] thr=2   paramiko.transport: Adding ssh-rsa host key for 192.168.1.15: b'965118b7855055483ac906c995c73a6a'
DEB [20240609-04:22:32.574] thr=2   paramiko.transport: Trying SSH key b'bb2b65bece238b1cd8d4647ecbb3532f'
DEB [20240609-04:22:32.775] thr=1   paramiko.transport: userauth is OK
DEB [20240609-04:22:32.776] thr=1   paramiko.transport: Finalizing pubkey algorithm for key of type 'ssh-rsa'
DEB [20240609-04:22:32.777] thr=1   paramiko.transport: Our pubkey algorithm list: ['ssh-rsa']
DEB [20240609-04:22:32.777] thr=1   paramiko.transport: Server did not send a server-sig-algs list; defaulting to our first preferred algo ('ssh-rsa')
DEB [20240609-04:22:32.778] thr=1   paramiko.transport: NOTE: you may use the 'disabled_algorithms' SSHClient/Transport init kwarg to disable that or other algorithms if your server does not support them!
INF [20240609-04:22:32.804] thr=1   paramiko.transport: Authentication (publickey) successful!
DEB [20240609-04:22:32.805] thr=2   paramiko.transport: [chan 0] Max packet in: 32768 bytes
DEB [20240609-04:22:32.807] thr=1   paramiko.transport: [chan 0] Max packet out: 4096 bytes
DEB [20240609-04:22:32.808] thr=1   paramiko.transport: Secsh channel 0 opened.
DEB [20240609-04:22:32.810] thr=1   paramiko.transport: [chan 0] Sesch channel 0 request ok
DEB [20240609-04:22:32.813] thr=1   paramiko.transport: [chan 0] Sesch channel 0 request ok
DEB [20240609-04:23:08.270] thr=1   paramiko.transport: starting thread (client mode): 0xbae5a1d0
DEB [20240609-04:23:08.273] thr=1   paramiko.transport: Local version/idstring: SSH-2.0-paramiko_2.12.0
DEB [20240609-04:23:08.274] thr=1   paramiko.transport: Remote version/idstring: SSH-1.99-Cisco-1.25
INF [20240609-04:23:08.275] thr=1   paramiko.transport: Connected (version 1.99, client Cisco-1.25)
DEB [20240609-04:23:08.278] thr=1   paramiko.transport: === Key exchange possibilities ===
DEB [20240609-04:23:08.279] thr=1   paramiko.transport: kex algos: diffie-hellman-group-exchange-sha1, diffie-hellman-group14-sha1
DEB [20240609-04:23:08.280] thr=1   paramiko.transport: server key: ssh-rsa
DEB [20240609-04:23:08.282] thr=1   paramiko.transport: client encrypt: aes128-ctr, aes192-ctr, aes256-ctr, aes128-cbc, 3des-cbc, aes192-cbc, aes256-cbc
DEB [20240609-04:23:08.282] thr=1   paramiko.transport: server encrypt: aes128-ctr, aes192-ctr, aes256-ctr, aes128-cbc, 3des-cbc, aes192-cbc, aes256-cbc
DEB [20240609-04:23:08.282] thr=1   paramiko.transport: client mac: hmac-sha1, hmac-sha1-96
DEB [20240609-04:23:08.282] thr=1   paramiko.transport: server mac: hmac-sha1, hmac-sha1-96
DEB [20240609-04:23:08.282] thr=1   paramiko.transport: client compress: none
DEB [20240609-04:23:08.283] thr=1   paramiko.transport: server compress: none
DEB [20240609-04:23:08.283] thr=1   paramiko.transport: client lang: <none>
DEB [20240609-04:23:08.283] thr=1   paramiko.transport: server lang: <none>
DEB [20240609-04:23:08.283] thr=1   paramiko.transport: kex follows: False
DEB [20240609-04:23:08.283] thr=1   paramiko.transport: === Key exchange agreements ===
DEB [20240609-04:23:08.283] thr=1   paramiko.transport: Kex: diffie-hellman-group-exchange-sha1
DEB [20240609-04:23:08.284] thr=1   paramiko.transport: HostKey: ssh-rsa
DEB [20240609-04:23:08.284] thr=1   paramiko.transport: Cipher: aes128-ctr
DEB [20240609-04:23:08.284] thr=1   paramiko.transport: MAC: hmac-sha1
DEB [20240609-04:23:08.284] thr=1   paramiko.transport: Compression: none
DEB [20240609-04:23:08.284] thr=1   paramiko.transport: === End of kex handshake ===
DEB [20240609-04:23:08.481] thr=1   paramiko.transport: Got server p (2048 bits)
DEB [20240609-04:23:08.657] thr=1   paramiko.transport: kex engine KexGex specified hash_algo <built-in function openssl_sha1>
DEB [20240609-04:23:08.659] thr=1   paramiko.transport: Switch to new keys ...
DEB [20240609-04:23:08.660] thr=2   paramiko.transport: Adding ssh-rsa host key for 192.168.1.15: b'965118b7855055483ac906c995c73a6a'
DEB [20240609-04:23:08.661] thr=2   paramiko.transport: Trying SSH key b'bb2b65bece238b1cd8d4647ecbb3532f'
DEB [20240609-04:23:08.862] thr=1   paramiko.transport: userauth is OK
DEB [20240609-04:23:08.863] thr=1   paramiko.transport: Finalizing pubkey algorithm for key of type 'ssh-rsa'
DEB [20240609-04:23:08.863] thr=1   paramiko.transport: Our pubkey algorithm list: ['ssh-rsa']
DEB [20240609-04:23:08.864] thr=1   paramiko.transport: Server did not send a server-sig-algs list; defaulting to our first preferred algo ('ssh-rsa')
DEB [20240609-04:23:08.864] thr=1   paramiko.transport: NOTE: you may use the 'disabled_algorithms' SSHClient/Transport init kwarg to disable that or other algorithms if your server does not support them!
INF [20240609-04:23:08.891] thr=1   paramiko.transport: Authentication (publickey) successful!
DEB [20240609-04:23:08.892] thr=2   paramiko.transport: [chan 0] Max packet in: 32768 bytes
DEB [20240609-04:23:08.895] thr=1   paramiko.transport: [chan 0] Max packet out: 4096 bytes
DEB [20240609-04:23:08.895] thr=1   paramiko.transport: Secsh channel 0 opened.
DEB [20240609-04:23:08.899] thr=1   paramiko.transport: [chan 0] Sesch channel 0 request ok
DEB [20240609-04:23:08.903] thr=1   paramiko.transport: [chan 0] Sesch channel 0 request ok
DEB [20240609-04:27:13.837] thr=1   paramiko.transport: starting thread (client mode): 0x6aee2250
DEB [20240609-04:27:13.838] thr=1   paramiko.transport: Local version/idstring: SSH-2.0-paramiko_2.12.0
DEB [20240609-04:27:13.839] thr=1   paramiko.transport: Remote version/idstring: SSH-1.99-Cisco-1.25
INF [20240609-04:27:13.839] thr=1   paramiko.transport: Connected (version 1.99, client Cisco-1.25)
DEB [20240609-04:27:13.840] thr=1   paramiko.transport: === Key exchange possibilities ===
DEB [20240609-04:27:13.841] thr=1   paramiko.transport: kex algos: diffie-hellman-group-exchange-sha1, diffie-hellman-group14-sha1
DEB [20240609-04:27:13.841] thr=1   paramiko.transport: server key: ssh-rsa
DEB [20240609-04:27:13.842] thr=1   paramiko.transport: client encrypt: aes128-ctr, aes192-ctr, aes256-ctr, aes128-cbc, 3des-cbc, aes192-cbc, aes256-cbc
DEB [20240609-04:27:13.842] thr=1   paramiko.transport: server encrypt: aes128-ctr, aes192-ctr, aes256-ctr, aes128-cbc, 3des-cbc, aes192-cbc, aes256-cbc
DEB [20240609-04:27:13.843] thr=1   paramiko.transport: client mac: hmac-sha1, hmac-sha1-96
DEB [20240609-04:27:13.843] thr=1   paramiko.transport: server mac: hmac-sha1, hmac-sha1-96
DEB [20240609-04:27:13.844] thr=1   paramiko.transport: client compress: none
DEB [20240609-04:27:13.844] thr=1   paramiko.transport: server compress: none
DEB [20240609-04:27:13.845] thr=1   paramiko.transport: client lang: <none>
DEB [20240609-04:27:13.846] thr=1   paramiko.transport: server lang: <none>
DEB [20240609-04:27:13.846] thr=1   paramiko.transport: kex follows: False
DEB [20240609-04:27:13.847] thr=1   paramiko.transport: === Key exchange agreements ===
DEB [20240609-04:27:13.847] thr=1   paramiko.transport: Kex: diffie-hellman-group-exchange-sha1
DEB [20240609-04:27:13.848] thr=1   paramiko.transport: HostKey: ssh-rsa
DEB [20240609-04:27:13.848] thr=1   paramiko.transport: Cipher: aes128-ctr
DEB [20240609-04:27:13.849] thr=1   paramiko.transport: MAC: hmac-sha1
DEB [20240609-04:27:13.850] thr=1   paramiko.transport: Compression: none
DEB [20240609-04:27:13.850] thr=1   paramiko.transport: === End of kex handshake ===
DEB [20240609-04:27:14.045] thr=1   paramiko.transport: Got server p (2048 bits)
DEB [20240609-04:27:14.132] thr=1   paramiko.transport: kex engine KexGex specified hash_algo <built-in function openssl_sha1>
DEB [20240609-04:27:14.133] thr=1   paramiko.transport: Switch to new keys ...
DEB [20240609-04:27:14.134] thr=2   paramiko.transport: Adding ssh-rsa host key for 192.168.1.15: b'965118b7855055483ac906c995c73a6a'
DEB [20240609-04:27:14.135] thr=2   paramiko.transport: Trying SSH key b'bb2b65bece238b1cd8d4647ecbb3532f'
DEB [20240609-04:27:14.335] thr=1   paramiko.transport: userauth is OK
DEB [20240609-04:27:14.336] thr=1   paramiko.transport: Finalizing pubkey algorithm for key of type 'ssh-rsa'
DEB [20240609-04:27:14.336] thr=1   paramiko.transport: Our pubkey algorithm list: ['ssh-rsa']
DEB [20240609-04:27:14.336] thr=1   paramiko.transport: Server did not send a server-sig-algs list; defaulting to our first preferred algo ('ssh-rsa')
DEB [20240609-04:27:14.336] thr=1   paramiko.transport: NOTE: you may use the 'disabled_algorithms' SSHClient/Transport init kwarg to disable that or other algorithms if your server does not support them!
INF [20240609-04:27:14.362] thr=1   paramiko.transport: Authentication (publickey) successful!
DEB [20240609-04:27:14.363] thr=2   paramiko.transport: [chan 0] Max packet in: 32768 bytes
DEB [20240609-04:27:14.365] thr=1   paramiko.transport: [chan 0] Max packet out: 4096 bytes
DEB [20240609-04:27:14.366] thr=1   paramiko.transport: Secsh channel 0 opened.
DEB [20240609-04:27:14.368] thr=1   paramiko.transport: [chan 0] Sesch channel 0 request ok
DEB [20240609-04:27:14.373] thr=1   paramiko.transport: [chan 0] Sesch channel 0 request ok
DEB [20240609-04:28:17.193] thr=1   paramiko.transport: starting thread (client mode): 0xf70fe150
DEB [20240609-04:28:17.195] thr=1   paramiko.transport: Local version/idstring: SSH-2.0-paramiko_2.12.0
DEB [20240609-04:28:17.196] thr=1   paramiko.transport: Remote version/idstring: SSH-1.99-Cisco-1.25
INF [20240609-04:28:17.197] thr=1   paramiko.transport: Connected (version 1.99, client Cisco-1.25)
DEB [20240609-04:28:17.200] thr=1   paramiko.transport: === Key exchange possibilities ===
DEB [20240609-04:28:17.200] thr=1   paramiko.transport: kex algos: diffie-hellman-group-exchange-sha1, diffie-hellman-group14-sha1
DEB [20240609-04:28:17.201] thr=1   paramiko.transport: server key: ssh-rsa
DEB [20240609-04:28:17.201] thr=1   paramiko.transport: client encrypt: aes128-ctr, aes192-ctr, aes256-ctr, aes128-cbc, 3des-cbc, aes192-cbc, aes256-cbc
DEB [20240609-04:28:17.201] thr=1   paramiko.transport: server encrypt: aes128-ctr, aes192-ctr, aes256-ctr, aes128-cbc, 3des-cbc, aes192-cbc, aes256-cbc
DEB [20240609-04:28:17.202] thr=1   paramiko.transport: client mac: hmac-sha1, hmac-sha1-96
DEB [20240609-04:28:17.202] thr=1   paramiko.transport: server mac: hmac-sha1, hmac-sha1-96
DEB [20240609-04:28:17.202] thr=1   paramiko.transport: client compress: none
DEB [20240609-04:28:17.202] thr=1   paramiko.transport: server compress: none
DEB [20240609-04:28:17.202] thr=1   paramiko.transport: client lang: <none>
DEB [20240609-04:28:17.202] thr=1   paramiko.transport: server lang: <none>
DEB [20240609-04:28:17.203] thr=1   paramiko.transport: kex follows: False
DEB [20240609-04:28:17.203] thr=1   paramiko.transport: === Key exchange agreements ===
DEB [20240609-04:28:17.203] thr=1   paramiko.transport: Kex: diffie-hellman-group-exchange-sha1
DEB [20240609-04:28:17.203] thr=1   paramiko.transport: HostKey: ssh-rsa
DEB [20240609-04:28:17.203] thr=1   paramiko.transport: Cipher: aes128-ctr
DEB [20240609-04:28:17.204] thr=1   paramiko.transport: MAC: hmac-sha1
DEB [20240609-04:28:17.204] thr=1   paramiko.transport: Compression: none
DEB [20240609-04:28:17.204] thr=1   paramiko.transport: === End of kex handshake ===
DEB [20240609-04:28:17.404] thr=1   paramiko.transport: Got server p (2048 bits)
DEB [20240609-04:28:17.577] thr=1   paramiko.transport: kex engine KexGex specified hash_algo <built-in function openssl_sha1>
DEB [20240609-04:28:17.578] thr=1   paramiko.transport: Switch to new keys ...
DEB [20240609-04:28:17.580] thr=2   paramiko.transport: Adding ssh-rsa host key for 192.168.1.15: b'965118b7855055483ac906c995c73a6a'
DEB [20240609-04:28:17.581] thr=2   paramiko.transport: Trying SSH key b'bb2b65bece238b1cd8d4647ecbb3532f'
DEB [20240609-04:28:17.784] thr=1   paramiko.transport: userauth is OK
DEB [20240609-04:28:17.784] thr=1   paramiko.transport: Finalizing pubkey algorithm for key of type 'ssh-rsa'
DEB [20240609-04:28:17.784] thr=1   paramiko.transport: Our pubkey algorithm list: ['ssh-rsa']
DEB [20240609-04:28:17.784] thr=1   paramiko.transport: Server did not send a server-sig-algs list; defaulting to our first preferred algo ('ssh-rsa')
DEB [20240609-04:28:17.784] thr=1   paramiko.transport: NOTE: you may use the 'disabled_algorithms' SSHClient/Transport init kwarg to disable that or other algorithms if your server does not support them!
INF [20240609-04:28:17.820] thr=1   paramiko.transport: Authentication (publickey) successful!
DEB [20240609-04:28:17.821] thr=2   paramiko.transport: [chan 0] Max packet in: 32768 bytes
DEB [20240609-04:28:17.824] thr=1   paramiko.transport: [chan 0] Max packet out: 4096 bytes
DEB [20240609-04:28:17.824] thr=1   paramiko.transport: Secsh channel 0 opened.
DEB [20240609-04:28:17.828] thr=1   paramiko.transport: [chan 0] Sesch channel 0 request ok
DEB [20240609-04:28:17.832] thr=1   paramiko.transport: [chan 0] Sesch channel 0 request ok
DEB [20240609-04:30:50.266] thr=1   paramiko.transport: starting thread (client mode): 0x4ba560d0
DEB [20240609-04:30:50.269] thr=1   paramiko.transport: Local version/idstring: SSH-2.0-paramiko_2.12.0
DEB [20240609-04:30:50.269] thr=1   paramiko.transport: Remote version/idstring: SSH-1.99-Cisco-1.25
INF [20240609-04:30:50.270] thr=1   paramiko.transport: Connected (version 1.99, client Cisco-1.25)
DEB [20240609-04:30:50.271] thr=1   paramiko.transport: === Key exchange possibilities ===
DEB [20240609-04:30:50.271] thr=1   paramiko.transport: kex algos: diffie-hellman-group-exchange-sha1, diffie-hellman-group14-sha1
DEB [20240609-04:30:50.272] thr=1   paramiko.transport: server key: ssh-rsa
DEB [20240609-04:30:50.272] thr=1   paramiko.transport: client encrypt: aes128-ctr, aes192-ctr, aes256-ctr, aes128-cbc, 3des-cbc, aes192-cbc, aes256-cbc
DEB [20240609-04:30:50.273] thr=1   paramiko.transport: server encrypt: aes128-ctr, aes192-ctr, aes256-ctr, aes128-cbc, 3des-cbc, aes192-cbc, aes256-cbc
DEB [20240609-04:30:50.273] thr=1   paramiko.transport: client mac: hmac-sha1, hmac-sha1-96
DEB [20240609-04:30:50.274] thr=1   paramiko.transport: server mac: hmac-sha1, hmac-sha1-96
DEB [20240609-04:30:50.274] thr=1   paramiko.transport: client compress: none
DEB [20240609-04:30:50.275] thr=1   paramiko.transport: server compress: none
DEB [20240609-04:30:50.275] thr=1   paramiko.transport: client lang: <none>
DEB [20240609-04:30:50.276] thr=1   paramiko.transport: server lang: <none>
DEB [20240609-04:30:50.276] thr=1   paramiko.transport: kex follows: False
DEB [20240609-04:30:50.276] thr=1   paramiko.transport: === Key exchange agreements ===
DEB [20240609-04:30:50.277] thr=1   paramiko.transport: Kex: diffie-hellman-group-exchange-sha1
DEB [20240609-04:30:50.277] thr=1   paramiko.transport: HostKey: ssh-rsa
DEB [20240609-04:30:50.278] thr=1   paramiko.transport: Cipher: aes128-ctr
DEB [20240609-04:30:50.278] thr=1   paramiko.transport: MAC: hmac-sha1
DEB [20240609-04:30:50.279] thr=1   paramiko.transport: Compression: none
DEB [20240609-04:30:50.279] thr=1   paramiko.transport: === End of kex handshake ===
DEB [20240609-04:30:50.476] thr=1   paramiko.transport: Got server p (2048 bits)
DEB [20240609-04:30:50.564] thr=1   paramiko.transport: kex engine KexGex specified hash_algo <built-in function openssl_sha1>
DEB [20240609-04:30:50.565] thr=1   paramiko.transport: Switch to new keys ...
DEB [20240609-04:30:50.565] thr=2   paramiko.transport: Adding ssh-rsa host key for 192.168.1.15: b'965118b7855055483ac906c995c73a6a'
DEB [20240609-04:30:50.566] thr=2   paramiko.transport: Trying SSH key b'bb2b65bece238b1cd8d4647ecbb3532f'
DEB [20240609-04:30:50.768] thr=1   paramiko.transport: userauth is OK
DEB [20240609-04:30:50.768] thr=1   paramiko.transport: Finalizing pubkey algorithm for key of type 'ssh-rsa'
DEB [20240609-04:30:50.768] thr=1   paramiko.transport: Our pubkey algorithm list: ['ssh-rsa']
DEB [20240609-04:30:50.768] thr=1   paramiko.transport: Server did not send a server-sig-algs list; defaulting to our first preferred algo ('ssh-rsa')
DEB [20240609-04:30:50.768] thr=1   paramiko.transport: NOTE: you may use the 'disabled_algorithms' SSHClient/Transport init kwarg to disable that or other algorithms if your server does not support them!
INF [20240609-04:30:50.796] thr=1   paramiko.transport: Authentication (publickey) successful!
DEB [20240609-04:30:50.797] thr=2   paramiko.transport: [chan 0] Max packet in: 32768 bytes
DEB [20240609-04:30:50.800] thr=1   paramiko.transport: [chan 0] Max packet out: 4096 bytes
DEB [20240609-04:30:50.800] thr=1   paramiko.transport: Secsh channel 0 opened.
DEB [20240609-04:30:50.803] thr=1   paramiko.transport: [chan 0] Sesch channel 0 request ok
DEB [20240609-04:30:50.806] thr=1   paramiko.transport: [chan 0] Sesch channel 0 request ok
